SF:lib/providers/ble/ble_permissions_requester.dart
DA:9,2
DA:10,1
DA:11,0
DA:12,0
DA:13,0
DA:14,0
DA:19,1
DA:32,1
DA:33,2
DA:34,2
DA:36,2
DA:38,2
LF:12
LH:8
end_of_record
SF:lib/providers/ble/radio_scanner.dart
DA:21,1
DA:23,4
DA:24,4
DA:28,1
DA:29,4
DA:30,2
DA:31,4
DA:34,1
DA:35,5
DA:36,4
DA:39,1
DA:40,1
DA:41,4
DA:42,3
DA:43,1
DA:44,1
DA:46,0
DA:47,0
DA:48,0
DA:52,2
DA:53,2
DA:58,1
DA:60,1
DA:61,5
DA:63,4
DA:64,1
DA:65,1
DA:66,1
DA:67,0
DA:69,1
DA:71,1
DA:73,4
DA:76,1
DA:77,2
DA:78,1
DA:80,5
DA:81,3
LF:37
LH:33
end_of_record
SF:lib/providers/ble/radio_scanner.g.dart
DA:9,1
DA:13,2
DA:14,1
LF:3
LH:3
end_of_record
SF:lib/providers/wrap/flutter_blue_plus_mockable.dart
DA:6,3
DA:7,0
DA:13,0
DA:20,0
DA:29,0
DA:30,0
DA:33,0
DA:34,0
DA:37,0
DA:38,0
DA:41,0
DA:42,0
DA:45,0
DA:46,0
DA:49,0
DA:50,0
DA:53,0
DA:54,0
DA:57,0
DA:58,0
DA:61,0
DA:62,0
DA:65,0
DA:66,0
DA:69,0
DA:70,0
DA:73,0
DA:74,0
DA:77,0
DA:78,0
DA:81,0
DA:82,0
DA:85,0
DA:88,0
LF:34
LH:1
end_of_record
SF:lib/exceptions/mesh_radio_exception.dart
DA:2,25
DA:6,0
DA:7,0
LF:3
LH:1
end_of_record
SF:lib/models/mesh_radio.dart
DA:4,2
DA:8,0
DA:10,4
LF:3
LH:2
end_of_record
SF:lib/models/radio_scan_state.dart
DA:14,14
LF:1
LH:1
end_of_record
SF:lib/providers/wrap/local_platform.dart
DA:4,7
LF:1
LH:1
end_of_record
SF:lib/providers/wrap/permissions.dart
DA:4,0
DA:5,0
DA:9,0
DA:10,0
LF:4
LH:0
end_of_record
SF:lib/models/ble_characteristics.dart
DA:4,2
LF:1
LH:1
end_of_record
SF:lib/models/radio_connector_state.dart
DA:8,2
DA:16,1
DA:20,2
DA:33,1
LF:4
LH:4
end_of_record
SF:lib/providers/ble/ble_characteristics_finder.dart
DA:10,1
DA:14,1
DA:18,1
DA:19,1
DA:20,1
DA:21,4
DA:22,1
DA:25,2
DA:26,4
DA:28,2
DA:29,4
DA:31,2
DA:32,4
DA:35,1
LF:14
LH:14
end_of_record
SF:lib/providers/ble/ble_characteristics_finder.g.dart
DA:9,1
DA:14,4
DA:15,2
LF:3
LH:3
end_of_record
SF:lib/providers/ble/radio_connector.dart
DA:24,2
DA:26,8
DA:27,8
DA:28,2
DA:31,0
DA:32,0
DA:35,0
DA:36,0
DA:37,0
DA:38,0
DA:41,1
DA:42,2
DA:46,1
DA:47,2
DA:49,2
DA:54,1
DA:55,2
DA:56,1
DA:59,2
DA:62,2
DA:63,2
DA:67,1
DA:69,1
DA:71,2
DA:72,1
DA:73,3
DA:75,2
DA:80,1
DA:81,1
DA:82,3
DA:83,0
DA:84,0
DA:85,0
LF:33
LH:24
end_of_record
SF:lib/providers/ble/radio_connector.g.dart
DA:9,2
DA:13,4
DA:14,2
LF:3
LH:3
end_of_record
SF:lib/protobufs/generated/meshtastic/mesh.pb.dart
DA:30,0
DA:54,0
DA:56,0
DA:59,0
DA:62,0
DA:65,0
DA:68,0
DA:71,0
DA:74,0
DA:77,0
DA:80,0
DA:83,0
DA:86,0
DA:89,0
DA:92,0
DA:95,0
DA:98,0
DA:101,0
DA:104,0
DA:107,0
DA:110,0
DA:113,0
DA:116,0
DA:119,0
DA:124,0
DA:126,0
DA:128,0
DA:130,0
DA:132,0
DA:134,0
DA:138,0
DA:139,0
DA:140,0
DA:141,0
DA:142,0
DA:147,0
DA:152,0
DA:153,0
DA:155,0
DA:156,0
DA:158,0
DA:160,0
DA:162,0
DA:164,0
DA:166,0
DA:168,0
DA:170,0
DA:171,0
DA:172,0
DA:173,0
DA:174,0
DA:175,0
DA:176,0
DA:178,0
DA:181,0
DA:183,0
DA:187,0
DA:189,0
DA:191,0
DA:192,0
DA:194,0
DA:196,0
DA:198,0
DA:200,0
DA:206,0
DA:207,0
DA:209,0
DA:211,0
DA:214,0
DA:215,0
DA:217,0
DA:218,0
DA:222,0
DA:223,0
DA:225,0
DA:227,0
DA:230,0
DA:231,0
DA:233,0
DA:234,0
DA:238,0
DA:239,0
DA:241,0
DA:243,0
DA:246,0
DA:247,0
DA:249,0
DA:250,0
DA:257,0
DA:258,0
DA:260,0
DA:262,0
DA:265,0
DA:266,0
DA:268,0
DA:269,0
DA:273,0
DA:274,0
DA:276,0
DA:278,0
DA:281,0
DA:282,0
DA:284,0
DA:285,0
DA:289,0
DA:290,0
DA:292,0
DA:294,0
DA:297,0
DA:298,0
DA:300,0
DA:301,0
DA:305,0
DA:306,0
DA:308,0
DA:310,0
DA:313,0
DA:314,0
DA:316,0
DA:317,0
DA:321,0
DA:322,0
DA:324,0
DA:326,0
DA:329,0
DA:330,0
DA:332,0
DA:333,0
DA:337,0
DA:338,0
DA:340,0
DA:342,0
DA:345,0
DA:346,0
DA:348,0
DA:349,0
DA:353,0
DA:354,0
DA:356,0
DA:358,0
DA:361,0
DA:362,0
DA:364,0
DA:365,0
DA:373,0
DA:374,0
DA:376,0
DA:378,0
DA:381,0
DA:382,0
DA:384,0
DA:385,0
DA:389,0
DA:390,0
DA:392,0
DA:394,0
DA:397,0
DA:398,0
DA:400,0
DA:401,0
DA:405,0
DA:406,0
DA:408,0
DA:410,0
DA:413,0
DA:414,0
DA:416,0
DA:417,0
DA:423,0
DA:424,0
DA:426,0
DA:428,0
DA:431,0
DA:432,0
DA:434,0
DA:435,0
DA:444,0
DA:445,0
DA:447,0
DA:449,0
DA:452,0
DA:453,0
DA:455,0
DA:456,0
DA:460,0
DA:461,0
DA:463,0
DA:465,0
DA:468,0
DA:469,0
DA:471,0
DA:472,0
DA:476,0
DA:477,0
DA:479,0
DA:481,0
DA:484,0
DA:485,0
DA:487,0
DA:488,0
DA:492,0
DA:493,0
DA:495,0
DA:497,0
DA:500,0
DA:501,0
DA:503,0
DA:504,0
DA:508,0
DA:509,0
DA:511,0
DA:513,0
DA:516,0
DA:517,0
DA:519,0
DA:520,0
DA:524,0
DA:525,0
DA:527,0
DA:529,0
DA:532,0
DA:533,0
DA:535,0
DA:536,0
DA:543,0
DA:544,0
DA:546,0
DA:548,0
DA:551,0
DA:552,0
DA:554,0
DA:555,0
DA:560,0
DA:561,0
DA:563,0
DA:565,0
DA:568,0
DA:569,0
DA:571,0
DA:572,0
DA:597,2
DA:607,2
DA:609,1
DA:612,2
DA:615,2
DA:619,0
DA:622,1
DA:625,0
DA:628,0
DA:633,4
DA:635,1
DA:637,2
DA:639,0
DA:641,0
DA:643,6
DA:647,2
DA:648,2
DA:649,2
DA:650,2
DA:652,2
DA:656,2
DA:657,2
DA:662,2
DA:664,0
DA:667,0
DA:669,0
DA:673,0
DA:675,4
DA:677,2
DA:678,2
DA:680,0
DA:682,0
DA:684,0
DA:686,0
DA:694,1
DA:695,1
DA:697,1
DA:699,1
DA:702,0
DA:703,0
DA:705,0
DA:706,0
DA:710,2
DA:711,2
DA:713,2
DA:715,2
DA:718,0
DA:719,0
DA:721,0
DA:722,0
DA:727,2
DA:728,2
DA:730,2
DA:732,2
DA:735,0
DA:736,0
DA:738,0
DA:739,0
DA:745,0
DA:747,0
DA:749,0
DA:752,0
DA:755,0
DA:757,0
DA:759,0
DA:761,0
DA:768,1
DA:769,1
DA:771,1
DA:773,1
DA:776,0
DA:777,0
DA:779,0
DA:780,0
DA:786,0
DA:787,0
DA:789,0
DA:791,0
DA:794,0
DA:795,0
DA:797,0
DA:798,0
DA:802,0
DA:803,0
DA:805,0
DA:807,0
DA:810,0
DA:811,0
DA:813,0
DA:814,0
DA:820,0
DA:823,0
DA:825,0
DA:830,0
DA:832,0
DA:834,0
DA:836,0
DA:838,0
DA:840,0
DA:844,0
DA:845,0
DA:847,0
DA:850,0
DA:852,0
DA:856,0
DA:859,0
DA:861,0
DA:862,0
DA:864,0
DA:866,0
DA:867,0
DA:869,0
DA:871,0
DA:876,0
DA:877,0
DA:885,1
DA:890,1
DA:892,0
DA:895,0
DA:898,1
DA:903,2
DA:905,1
DA:907,2
DA:909,0
DA:911,0
DA:919,3
DA:923,2
DA:924,1
DA:926,1
DA:928,1
DA:933,1
DA:935,0
DA:938,0
DA:940,0
DA:944,0
DA:946,2
DA:948,1
DA:949,1
DA:951,0
DA:953,0
DA:955,0
DA:957,0
DA:960,0
DA:962,0
DA:966,0
DA:967,0
DA:969,0
DA:971,0
DA:974,0
DA:975,0
DA:977,0
DA:978,0
DA:980,0
DA:981,0
DA:985,0
DA:986,0
DA:988,0
DA:990,0
DA:993,0
DA:994,0
DA:996,0
DA:997,0
DA:999,0
DA:1000,0
DA:1005,1
DA:1006,1
DA:1008,1
DA:1010,1
DA:1013,0
DA:1014,0
DA:1016,0
DA:1017,0
DA:1025,4
DA:1035,4
DA:1037,4
DA:1040,4
DA:1043,0
DA:1046,0
DA:1049,0
DA:1052,1
DA:1055,0
DA:1058,0
DA:1063,8
DA:1065,0
DA:1067,0
DA:1069,0
DA:1071,0
DA:1073,12
DA:1077,4
DA:1081,4
DA:1083,4
DA:1084,4
DA:1085,4
DA:1086,4
DA:1087,4
DA:1088,4
DA:1089,4
DA:1091,0
DA:1094,0
DA:1096,0
DA:1100,0
DA:1102,8
DA:1104,4
DA:1105,4
DA:1107,0
DA:1109,0
DA:1111,0
DA:1113,0
DA:1118,4
DA:1119,4
DA:1121,4
DA:1123,4
DA:1126,0
DA:1127,0
DA:1129,0
DA:1130,0
DA:1134,4
DA:1135,4
DA:1137,4
DA:1139,4
DA:1142,0
DA:1143,0
DA:1145,0
DA:1146,0
DA:1152,0
DA:1153,0
DA:1155,0
DA:1157,0
DA:1160,0
DA:1161,0
DA:1163,0
DA:1164,0
DA:1172,0
DA:1173,0
DA:1175,0
DA:1177,0
DA:1180,0
DA:1181,0
DA:1183,0
DA:1184,0
DA:1190,0
DA:1191,0
DA:1193,0
DA:1195,0
DA:1198,0
DA:1199,0
DA:1201,0
DA:1202,0
DA:1207,1
DA:1208,1
DA:1210,1
DA:1212,1
DA:1215,0
DA:1216,0
DA:1218,0
DA:1219,0
DA:1223,0
DA:1224,0
DA:1226,0
DA:1228,0
DA:1231,0
DA:1232,0
DA:1234,0
DA:1235,0
DA:1240,0
DA:1241,0
DA:1243,0
DA:1245,0
DA:1248,0
DA:1249,0
DA:1251,0
DA:1252,0
DA:1258,0
DA:1268,0
DA:1270,0
DA:1273,0
DA:1276,0
DA:1279,0
DA:1282,0
DA:1285,0
DA:1288,0
DA:1291,0
DA:1296,0
DA:1298,0
DA:1300,0
DA:1302,0
DA:1304,0
DA:1306,0
DA:1310,0
DA:1311,0
DA:1312,0
DA:1313,0
DA:1314,0
DA:1315,0
DA:1316,0
DA:1317,0
DA:1318,0
DA:1320,0
DA:1323,0
DA:1325,0
DA:1329,0
DA:1331,0
DA:1333,0
DA:1334,0
DA:1336,0
DA:1338,0
DA:1340,0
DA:1342,0
DA:1347,0
DA:1348,0
DA:1350,0
DA:1352,0
DA:1355,0
DA:1356,0
DA:1358,0
DA:1359,0
DA:1363,0
DA:1364,0
DA:1366,0
DA:1368,0
DA:1371,0
DA:1372,0
DA:1374,0
DA:1375,0
DA:1379,0
DA:1380,0
DA:1382,0
DA:1384,0
DA:1387,0
DA:1388,0
DA:1390,0
DA:1391,0
DA:1395,0
DA:1396,0
DA:1398,0
DA:1400,0
DA:1403,0
DA:1404,0
DA:1406,0
DA:1407,0
DA:1412,0
DA:1413,0
DA:1415,0
DA:1417,0
DA:1420,0
DA:1421,0
DA:1423,0
DA:1424,0
DA:1428,0
DA:1429,0
DA:1431,0
DA:1433,0
DA:1436,0
DA:1437,0
DA:1439,0
DA:1440,0
DA:1444,0
DA:1445,0
DA:1447,0
DA:1449,0
DA:1452,0
DA:1453,0
DA:1455,0
DA:1456,0
DA:1460,0
DA:1461,0
DA:1463,0
DA:1465,0
DA:1468,0
DA:1469,0
DA:1471,0
DA:1472,0
DA:1480,0
DA:1486,0
DA:1488,0
DA:1491,0
DA:1494,0
DA:1497,0
DA:1502,0
DA:1504,0
DA:1506,0
DA:1508,0
DA:1510,0
DA:1518,0
DA:1522,0
DA:1523,0
DA:1524,0
DA:1526,0
DA:1527,0
DA:1528,0
DA:1530,0
DA:1534,0
DA:1536,0
DA:1541,0
DA:1544,0
DA:1546,0
DA:1547,0
DA:1549,0
DA:1551,0
DA:1552,0
DA:1554,0
DA:1556,0
DA:1559,0
DA:1560,0
DA:1562,0
DA:1566,0
DA:1567,0
DA:1569,0
DA:1571,0
DA:1574,0
DA:1575,0
DA:1577,0
DA:1578,0
DA:1582,0
DA:1583,0
DA:1585,0
DA:1587,0
DA:1590,0
DA:1591,0
DA:1593,0
DA:1594,0
DA:1598,0
DA:1599,0
DA:1601,0
DA:1603,0
DA:1606,0
DA:1607,0
DA:1609,0
DA:1610,0
DA:1614,0
DA:1615,0
DA:1617,0
DA:1619,0
DA:1622,0
DA:1623,0
DA:1625,0
DA:1626,0
DA:1636,4
DA:1651,4
DA:1653,2
DA:1656,2
DA:1659,3
DA:1662,4
DA:1665,0
DA:1668,2
DA:1671,0
DA:1674,0
DA:1677,1
DA:1680,1
DA:1683,1
DA:1686,0
DA:1690,0
DA:1695,8
DA:1697,0
DA:1699,0
DA:1701,0
DA:1703,0
DA:1711,12
DA:1715,8
DA:1716,4
DA:1717,4
DA:1718,4
DA:1719,4
DA:1720,4
DA:1722,4
DA:1723,4
DA:1724,4
DA:1725,4
DA:1726,4
DA:1727,4
DA:1732,4
DA:1733,4
DA:1738,4
DA:1740,0
DA:1743,0
DA:1745,0
DA:1749,0
DA:1751,8
DA:1753,4
DA:1754,4
DA:1756,0
DA:1758,0
DA:1760,0
DA:1762,0
DA:1765,0
DA:1766,0
DA:1768,0
DA:1775,2
DA:1776,2
DA:1778,2
DA:1780,2
DA:1783,0
DA:1784,0
DA:1786,0
DA:1787,0
DA:1792,2
DA:1793,2
DA:1795,2
DA:1797,2
DA:1800,0
DA:1801,0
DA:1803,0
DA:1804,0
DA:1814,3
DA:1815,3
DA:1817,3
DA:1819,3
DA:1822,0
DA:1823,0
DA:1825,0
DA:1826,0
DA:1830,4
DA:1831,4
DA:1833,4
DA:1835,4
DA:1838,0
DA:1839,0
DA:1841,0
DA:1842,0
DA:1844,0
DA:1845,0
DA:1849,0
DA:1850,0
DA:1852,0
DA:1854,0
DA:1857,0
DA:1858,0
DA:1860,0
DA:1861,0
DA:1874,2
DA:1875,2
DA:1877,2
DA:1879,2
DA:1882,0
DA:1883,0
DA:1885,0
DA:1886,0
DA:1893,0
DA:1894,0
DA:1896,0
DA:1898,0
DA:1901,0
DA:1902,0
DA:1904,0
DA:1905,0
DA:1911,0
DA:1912,0
DA:1914,0
DA:1916,0
DA:1919,0
DA:1920,0
DA:1922,0
DA:1923,0
DA:1930,1
DA:1931,1
DA:1933,1
DA:1935,1
DA:1938,0
DA:1939,0
DA:1941,0
DA:1942,0
DA:1954,1
DA:1955,1
DA:1957,1
DA:1959,1
DA:1962,0
DA:1963,0
DA:1965,0
DA:1966,0
DA:1971,1
DA:1972,1
DA:1974,1
DA:1976,1
DA:1979,0
DA:1980,0
DA:1982,0
DA:1983,0
DA:1987,0
DA:1988,0
DA:1990,0
DA:1992,0
DA:1995,0
DA:1996,0
DA:1998,0
DA:1999,0
DA:2003,0
DA:2005,0
DA:2007,0
DA:2010,0
DA:2013,0
DA:2015,0
DA:2017,0
DA:2019,0
DA:2040,3
DA:2049,3
DA:2051,2
DA:2054,2
DA:2057,0
DA:2060,0
DA:2063,0
DA:2066,0
DA:2069,2
DA:2074,6
DA:2076,0
DA:2078,0
DA:2080,0
DA:2082,0
DA:2084,9
DA:2088,3
DA:2089,3
DA:2090,3
DA:2092,3
DA:2093,3
DA:2094,3
DA:2096,3
DA:2097,3
DA:2099,0
DA:2102,0
DA:2104,0
DA:2108,0
DA:2110,6
DA:2112,3
DA:2113,3
DA:2115,0
DA:2117,0
DA:2119,0
DA:2121,0
DA:2126,2
DA:2127,2
DA:2129,2
DA:2131,2
DA:2134,0
DA:2135,0
DA:2137,0
DA:2138,0
DA:2142,2
DA:2143,2
DA:2145,2
DA:2147,2
DA:2150,0
DA:2151,0
DA:2153,0
DA:2154,0
DA:2156,0
DA:2157,0
DA:2162,0
DA:2163,0
DA:2165,0
DA:2167,0
DA:2170,0
DA:2171,0
DA:2173,0
DA:2174,0
DA:2176,0
DA:2177,0
DA:2182,0
DA:2183,0
DA:2185,0
DA:2187,0
DA:2190,0
DA:2191,0
DA:2193,0
DA:2194,0
DA:2198,0
DA:2199,0
DA:2201,0
DA:2203,0
DA:2206,0
DA:2207,0
DA:2209,0
DA:2210,0
DA:2214,0
DA:2215,0
DA:2217,0
DA:2219,0
DA:2222,0
DA:2223,0
DA:2225,0
DA:2226,0
DA:2228,0
DA:2229,0
DA:2233,2
DA:2234,2
DA:2236,2
DA:2238,2
DA:2241,0
DA:2242,0
DA:2244,0
DA:2245,0
DA:2253,1
DA:2258,1
DA:2260,1
DA:2263,0
DA:2266,0
DA:2271,2
DA:2273,0
DA:2275,0
DA:2277,0
DA:2279,0
DA:2281,3
DA:2285,1
DA:2286,1
DA:2287,1
DA:2289,1
DA:2291,0
DA:2294,0
DA:2296,0
DA:2300,0
DA:2302,2
DA:2304,1
DA:2305,1
DA:2307,0
DA:2309,0
DA:2311,0
DA:2313,0
DA:2319,1
DA:2320,1
DA:2322,1
DA:2324,1
DA:2327,0
DA:2328,0
DA:2330,0
DA:2331,0
DA:2336,0
DA:2337,0
DA:2339,0
DA:2341,0
DA:2344,0
DA:2345,0
DA:2347,0
DA:2348,0
DA:2353,0
DA:2354,0
DA:2356,0
DA:2358,0
DA:2361,0
DA:2362,0
DA:2364,0
DA:2365,0
DA:2375,0
DA:2381,0
DA:2383,0
DA:2386,0
DA:2389,0
DA:2392,0
DA:2397,0
DA:2399,0
DA:2401,0
DA:2403,0
DA:2405,0
DA:2407,0
DA:2411,0
DA:2412,0
DA:2413,0
DA:2414,0
DA:2418,0
DA:2420,0
DA:2423,0
DA:2425,0
DA:2429,0
DA:2431,0
DA:2433,0
DA:2434,0
DA:2436,0
DA:2438,0
DA:2440,0
DA:2442,0
DA:2447,0
DA:2448,0
DA:2450,0
DA:2452,0
DA:2455,0
DA:2456,0
DA:2458,0
DA:2459,0
DA:2463,0
DA:2464,0
DA:2466,0
DA:2468,0
DA:2471,0
DA:2472,0
DA:2474,0
DA:2475,0
DA:2479,0
DA:2480,0
DA:2482,0
DA:2484,0
DA:2487,0
DA:2488,0
DA:2490,0
DA:2491,0
DA:2495,0
DA:2496,0
DA:2498,0
DA:2500,0
DA:2503,0
DA:2504,0
DA:2506,0
DA:2507,0
DA:2511,0
DA:2517,0
DA:2519,0
DA:2522,0
DA:2525,0
DA:2528,0
DA:2533,0
DA:2535,0
DA:2537,0
DA:2539,0
DA:2541,0
DA:2543,0
DA:2547,0
DA:2548,0
DA:2549,0
DA:2550,0
DA:2552,0
DA:2554,0
DA:2557,0
DA:2559,0
DA:2563,0
DA:2566,0
DA:2568,0
DA:2569,0
DA:2571,0
DA:2573,0
DA:2575,0
DA:2577,0
DA:2581,0
DA:2582,0
DA:2584,0
DA:2586,0
DA:2589,0
DA:2590,0
DA:2592,0
DA:2593,0
DA:2596,0
DA:2597,0
DA:2599,0
DA:2601,0
DA:2604,0
DA:2605,0
DA:2607,0
DA:2608,0
DA:2611,0
DA:2612,0
DA:2614,0
DA:2616,0
DA:2619,0
DA:2620,0
DA:2622,0
DA:2623,0
DA:2626,0
DA:2627,0
DA:2629,0
DA:2631,0
DA:2634,0
DA:2635,0
DA:2637,0
DA:2638,0
DA:2664,6
DA:2680,6
DA:2682,1
DA:2685,3
DA:2688,1
DA:2691,3
DA:2694,1
DA:2697,0
DA:2700,0
DA:2703,0
DA:2706,0
DA:2709,1
DA:2712,0
DA:2715,0
DA:2718,0
DA:2721,0
DA:2726,12
DA:2728,1
DA:2730,2
DA:2732,0
DA:2734,0
DA:2753,18
DA:2757,12
DA:2758,6
DA:2759,6
DA:2761,6
DA:2763,6
DA:2765,6
DA:2767,6
DA:2769,6
DA:2771,6
DA:2772,6
DA:2774,6
DA:2776,6
DA:2778,6
DA:2780,6
DA:2782,6
DA:2786,6
DA:2788,0
DA:2791,0
DA:2793,0
DA:2797,0
DA:2799,12
DA:2801,6
DA:2802,6
DA:2804,0
DA:2806,0
DA:2808,0
DA:2810,0
DA:2813,4
DA:2814,8
DA:2816,0
DA:2821,0
DA:2822,0
DA:2824,1
DA:2826,1
DA:2829,0
DA:2830,0
DA:2832,0
DA:2833,0
DA:2837,3
DA:2838,3
DA:2840,3
DA:2842,3
DA:2845,0
DA:2846,0
DA:2848,0
DA:2849,0
DA:2851,0
DA:2852,0
DA:2857,1
DA:2858,1
DA:2860,1
DA:2862,1
DA:2865,0
DA:2866,0
DA:2868,0
DA:2869,0
DA:2871,0
DA:2872,0
DA:2877,3
DA:2878,3
DA:2880,3
DA:2882,3
DA:2885,0
DA:2886,0
DA:2888,0
DA:2889,0
DA:2891,0
DA:2892,0
DA:2896,1
DA:2897,1
DA:2899,1
DA:2901,1
DA:2904,0
DA:2905,0
DA:2907,0
DA:2908,0
DA:2910,0
DA:2911,0
DA:2915,0
DA:2916,0
DA:2918,0
DA:2920,0
DA:2923,0
DA:2924,0
DA:2926,0
DA:2927,0
DA:2929,0
DA:2930,0
DA:2937,0
DA:2938,0
DA:2940,0
DA:2942,0
DA:2945,0
DA:2946,0
DA:2948,0
DA:2949,0
DA:2956,0
DA:2957,0
DA:2959,0
DA:2961,0
DA:2964,0
DA:2965,0
DA:2967,0
DA:2968,0
DA:2972,0
DA:2973,0
DA:2975,0
DA:2977,0
DA:2980,0
DA:2981,0
DA:2983,0
DA:2984,0
DA:2986,0
DA:2987,0
DA:2991,1
DA:2992,1
DA:2994,1
DA:2996,1
DA:2999,0
DA:3000,0
DA:3002,0
DA:3003,0
DA:3005,0
DA:3006,0
DA:3010,0
DA:3011,0
DA:3013,0
DA:3015,0
DA:3018,0
DA:3019,0
DA:3021,0
DA:3022,0
DA:3024,0
DA:3025,0
DA:3029,0
DA:3030,0
DA:3032,0
DA:3034,0
DA:3037,0
DA:3038,0
DA:3040,0
DA:3041,0
DA:3043,0
DA:3044,0
DA:3048,0
DA:3049,0
DA:3051,0
DA:3053,0
DA:3056,0
DA:3057,0
DA:3059,0
DA:3060,0
DA:3062,0
DA:3063,0
DA:3067,0
DA:3068,0
DA:3070,0
DA:3072,0
DA:3075,0
DA:3076,0
DA:3078,0
DA:3079,0
DA:3081,0
DA:3082,0
DA:3098,1
DA:3105,1
DA:3107,1
DA:3110,1
DA:3113,0
DA:3116,0
DA:3119,0
DA:3124,2
DA:3126,1
DA:3128,2
DA:3130,0
DA:3132,0
DA:3143,3
DA:3147,2
DA:3148,1
DA:3150,1
DA:3152,1
DA:3153,1
DA:3155,1
DA:3159,1
DA:3161,0
DA:3164,0
DA:3166,0
DA:3170,0
DA:3172,2
DA:3174,1
DA:3175,1
DA:3177,0
DA:3179,0
DA:3181,0
DA:3183,0
DA:3186,0
DA:3187,0
DA:3189,0
DA:3193,1
DA:3194,1
DA:3196,1
DA:3198,1
DA:3201,0
DA:3202,0
DA:3204,0
DA:3205,0
DA:3207,0
DA:3208,0
DA:3219,1
DA:3220,1
DA:3222,1
DA:3224,1
DA:3227,0
DA:3228,0
DA:3230,0
DA:3231,0
DA:3237,0
DA:3238,0
DA:3240,0
DA:3242,0
DA:3245,0
DA:3246,0
DA:3248,0
DA:3249,0
DA:3251,0
DA:3252,0
DA:3254,0
DA:3256,0
DA:3259,0
DA:3260,0
DA:3262,0
DA:3263,0
DA:3265,0
DA:3266,0
DA:3270,0
DA:3271,0
DA:3273,0
DA:3275,0
DA:3278,0
DA:3279,0
DA:3281,0
DA:3282,0
DA:3284,0
DA:3285,0
DA:3291,0
DA:3295,0
DA:3297,0
DA:3300,0
DA:3305,0
DA:3307,0
DA:3309,0
DA:3311,0
DA:3313,0
DA:3315,0
DA:3319,0
DA:3323,0
DA:3325,0
DA:3327,0
DA:3330,0
DA:3332,0
DA:3336,0
DA:3338,0
DA:3340,0
DA:3341,0
DA:3343,0
DA:3345,0
DA:3347,0
DA:3349,0
DA:3354,0
DA:3355,0
DA:3357,0
DA:3359,0
DA:3362,0
DA:3363,0
DA:3365,0
DA:3366,0
DA:3370,0
DA:3371,0
DA:3373,0
DA:3375,0
DA:3378,0
DA:3379,0
DA:3381,0
DA:3382,0
DA:3388,0
DA:3394,0
DA:3396,0
DA:3399,0
DA:3402,0
DA:3405,0
DA:3410,0
DA:3412,0
DA:3414,0
DA:3416,0
DA:3418,0
DA:3420,0
DA:3424,0
DA:3425,0
DA:3427,0
DA:3429,0
DA:3431,0
DA:3433,0
DA:3436,0
DA:3438,0
DA:3442,0
DA:3445,0
DA:3447,0
DA:3448,0
DA:3450,0
DA:3452,0
DA:3453,0
DA:3455,0
DA:3457,0
DA:3462,0
DA:3463,0
DA:3465,0
DA:3467,0
DA:3470,0
DA:3471,0
DA:3473,0
DA:3474,0
DA:3478,0
DA:3479,0
DA:3481,0
DA:3483,0
DA:3486,0
DA:3487,0
DA:3489,0
DA:3490,0
DA:3494,0
DA:3495,0
DA:3497,0
DA:3499,0
DA:3502,0
DA:3503,0
DA:3505,0
DA:3506,0
DA:3510,0
DA:3511,0
DA:3517,0
DA:3523,0
DA:3525,0
DA:3528,0
DA:3531,0
DA:3534,0
DA:3539,0
DA:3541,0
DA:3543,0
DA:3545,0
DA:3547,0
DA:3549,0
DA:3553,0
DA:3554,0
DA:3555,0
DA:3556,0
DA:3558,0
DA:3560,0
DA:3563,0
DA:3565,0
DA:3569,0
DA:3571,0
DA:3573,0
DA:3574,0
DA:3576,0
DA:3578,0
DA:3580,0
DA:3582,0
DA:3587,0
DA:3588,0
DA:3590,0
DA:3592,0
DA:3595,0
DA:3596,0
DA:3598,0
DA:3599,0
DA:3603,0
DA:3604,0
DA:3606,0
DA:3608,0
DA:3611,0
DA:3612,0
DA:3614,0
DA:3615,0
DA:3620,0
DA:3621,0
DA:3623,0
DA:3625,0
DA:3628,0
DA:3629,0
DA:3631,0
DA:3632,0
DA:3637,0
DA:3638,0
DA:3640,0
DA:3642,0
DA:3645,0
DA:3646,0
DA:3648,0
DA:3649,0
DA:3655,0
DA:3667,0
DA:3669,0
DA:3672,0
DA:3675,0
DA:3678,0
DA:3681,0
DA:3684,0
DA:3687,0
DA:3690,0
DA:3693,0
DA:3696,0
DA:3701,0
DA:3703,0
DA:3705,0
DA:3707,0
DA:3709,0
DA:3711,0
DA:3715,0
DA:3716,0
DA:3718,0
DA:3719,0
DA:3720,0
DA:3721,0
DA:3722,0
DA:3727,0
DA:3729,0
DA:3733,0
DA:3735,0
DA:3737,0
DA:3740,0
DA:3742,0
DA:3746,0
DA:3749,0
DA:3751,0
DA:3752,0
DA:3754,0
DA:3756,0
DA:3757,0
DA:3759,0
DA:3761,0
DA:3766,0
DA:3767,0
DA:3769,0
DA:3771,0
DA:3774,0
DA:3775,0
DA:3777,0
DA:3778,0
DA:3782,0
DA:3783,0
DA:3785,0
DA:3787,0
DA:3790,0
DA:3791,0
DA:3793,0
DA:3794,0
DA:3798,0
DA:3799,0
DA:3801,0
DA:3803,0
DA:3806,0
DA:3807,0
DA:3809,0
DA:3810,0
DA:3814,0
DA:3815,0
DA:3817,0
DA:3819,0
DA:3822,0
DA:3823,0
DA:3825,0
DA:3826,0
DA:3830,0
DA:3831,0
DA:3833,0
DA:3835,0
DA:3838,0
DA:3839,0
DA:3841,0
DA:3842,0
DA:3846,0
DA:3847,0
DA:3849,0
DA:3851,0
DA:3854,0
DA:3855,0
DA:3857,0
DA:3858,0
DA:3862,0
DA:3863,0
DA:3865,0
DA:3867,0
DA:3870,0
DA:3871,0
DA:3873,0
DA:3874,0
DA:3878,0
DA:3879,0
DA:3881,0
DA:3883,0
DA:3886,0
DA:3887,0
DA:3889,0
DA:3890,0
DA:3894,0
DA:3895,0
DA:3897,0
DA:3899,0
DA:3902,0
DA:3903,0
DA:3905,0
DA:3906,0
DA:3910,0
DA:3911,0
DA:3913,0
DA:3915,0
DA:3918,0
DA:3919,0
DA:3921,0
DA:3922,0
LF:1641
LH:276
end_of_record
SF:lib/providers/ble/radio_writer.dart
DA:18,0
DA:20,0
DA:21,0
DA:24,0
DA:25,0
DA:29,0
DA:30,0
DA:31,0
DA:33,0
DA:36,0
DA:39,0
DA:40,0
DA:41,0
DA:44,0
DA:45,0
DA:51,1
DA:52,3
DA:64,1
DA:65,1
DA:68,0
DA:69,0
DA:70,0
DA:73,1
DA:80,1
DA:81,1
DA:88,1
DA:93,3
DA:94,2
DA:95,2
DA:96,2
DA:98,0
DA:103,1
DA:104,1
DA:105,3
DA:106,3
DA:109,1
DA:113,2
DA:115,1
DA:116,2
DA:119,3
DA:122,0
DA:123,0
DA:124,0
DA:125,0
DA:126,0
DA:127,0
DA:132,1
DA:133,2
DA:134,2
DA:135,2
DA:136,2
DA:138,2
DA:139,4
DA:140,3
DA:141,0
DA:142,0
DA:144,0
DA:145,0
DA:148,0
DA:151,0
DA:152,0
LF:61
LH:29
end_of_record
SF:lib/providers/ble/radio_writer.g.dart
DA:9,0
DA:13,6
LF:2
LH:1
end_of_record
SF:lib/protobufs/generated/meshtastic/channel.pb.dart
DA:37,1
DA:45,1
DA:48,0
DA:51,0
DA:54,1
DA:57,0
DA:60,0
DA:63,0
DA:68,2
DA:70,0
DA:72,0
DA:74,0
DA:76,0
DA:78,3
DA:82,1
DA:83,1
DA:85,1
DA:86,1
DA:87,1
DA:88,1
DA:89,1
DA:91,0
DA:94,0
DA:96,0
DA:100,0
DA:103,2
DA:105,1
DA:106,1
DA:108,0
DA:110,0
DA:111,0
DA:113,0
DA:115,0
DA:120,0
DA:122,0
DA:124,0
DA:127,0
DA:130,0
DA:132,0
DA:134,0
DA:136,0
DA:149,1
DA:150,1
DA:152,0
DA:154,0
DA:157,0
DA:158,0
DA:160,0
DA:161,0
DA:172,1
DA:173,1
DA:175,1
DA:177,1
DA:180,0
DA:181,0
DA:183,0
DA:184,0
DA:198,0
DA:199,0
DA:201,0
DA:203,0
DA:206,0
DA:207,0
DA:209,0
DA:210,0
DA:214,0
DA:215,0
DA:217,0
DA:219,0
DA:222,0
DA:223,0
DA:225,0
DA:226,0
DA:230,0
DA:231,0
DA:233,0
DA:235,0
DA:238,0
DA:239,0
DA:241,0
DA:242,0
DA:248,1
DA:253,1
DA:255,1
DA:258,1
DA:261,1
DA:266,2
DA:268,0
DA:270,0
DA:272,0
DA:274,0
DA:276,3
DA:280,1
DA:281,1
DA:283,1
DA:287,1
DA:289,0
DA:292,0
DA:294,0
DA:298,0
DA:300,2
DA:302,1
DA:303,1
DA:305,0
DA:307,0
DA:309,0
DA:311,0
DA:318,1
DA:319,1
DA:321,1
DA:323,1
DA:326,0
DA:327,0
DA:329,0
DA:330,0
DA:334,1
DA:335,1
DA:337,1
DA:339,1
DA:342,0
DA:343,0
DA:345,0
DA:346,0
DA:348,0
DA:349,0
DA:353,1
DA:354,1
DA:356,1
DA:358,1
DA:361,0
DA:362,0
DA:364,0
DA:365,0
LF:133
LH:47
end_of_record
SF:lib/protobufs/generated/meshtastic/channel.pbenum.dart
DA:40,2
DA:41,1
DA:43,3
DA:45,9
LF:4
LH:4
end_of_record
SF:lib/protobufs/generated/meshtastic/config.pb.dart
DA:23,0
DA:35,0
DA:37,0
DA:40,0
DA:43,0
DA:46,0
DA:49,0
DA:52,0
DA:55,0
DA:58,0
DA:61,0
DA:64,0
DA:69,0
DA:71,0
DA:73,0
DA:75,0
DA:77,0
DA:79,0
DA:83,0
DA:88,0
DA:89,0
DA:90,0
DA:91,0
DA:92,0
DA:97,0
DA:99,0
DA:100,0
DA:101,0
DA:102,0
DA:104,0
DA:107,0
DA:109,0
DA:113,0
DA:116,0
DA:118,0
DA:119,0
DA:121,0
DA:123,0
DA:124,0
DA:126,0
DA:128,0
DA:133,0
DA:134,0
DA:136,0
DA:138,0
DA:141,0
DA:142,0
DA:144,0
DA:145,0
DA:149,0
DA:150,0
DA:152,0
DA:154,0
DA:157,0
DA:158,0
DA:160,0
DA:161,0
DA:166,0
DA:167,0
DA:169,0
DA:171,0
DA:174,0
DA:175,0
DA:177,0
DA:178,0
DA:183,0
DA:184,0
DA:186,0
DA:188,0
DA:191,0
DA:192,0
DA:194,0
DA:195,0
DA:200,0
DA:201,0
DA:203,0
DA:205,0
DA:208,0
DA:209,0
DA:211,0
DA:212,0
DA:216,0
DA:217,0
DA:219,0
DA:221,0
DA:224,0
DA:225,0
DA:227,0
DA:228,0
DA:233,0
DA:234,0
DA:236,0
DA:238,0
DA:241,0
DA:242,0
DA:244,0
DA:245,0
DA:249,0
DA:250,0
DA:252,0
DA:254,0
DA:257,0
DA:258,0
DA:260,0
DA:261,0
DA:266,0
DA:267,0
DA:269,0
DA:271,0
DA:274,0
DA:275,0
DA:277,0
DA:278,0
DA:282,0
DA:283,0
DA:285,0
DA:287,0
DA:290,0
DA:291,0
DA:293,0
DA:294,0
DA:300,0
DA:314,0
DA:316,0
DA:319,0
DA:322,0
DA:325,0
DA:328,0
DA:332,0
DA:335,0
DA:338,0
DA:341,0
DA:344,0
DA:347,0
DA:351,0
DA:356,0
DA:358,0
DA:360,0
DA:362,0
DA:364,0
DA:366,0
DA:370,0
DA:372,0
DA:373,0
DA:374,0
DA:375,0
DA:377,0
DA:379,0
DA:381,0
DA:382,0
DA:383,0
DA:385,0
DA:389,0
DA:390,0
DA:392,0
DA:396,0
DA:398,0
DA:403,0
DA:406,0
DA:408,0
DA:409,0
DA:411,0
DA:413,0
DA:414,0
DA:416,0
DA:418,0
DA:424,0
DA:425,0
DA:427,0
DA:429,0
DA:432,0
DA:433,0
DA:435,0
DA:436,0
DA:440,0
DA:441,0
DA:443,0
DA:445,0
DA:448,0
DA:449,0
DA:451,0
DA:452,0
DA:458,0
DA:459,0
DA:461,0
DA:463,0
DA:466,0
DA:467,0
DA:469,0
DA:470,0
DA:474,0
DA:475,0
DA:477,0
DA:479,0
DA:482,0
DA:483,0
DA:485,0
DA:486,0
DA:492,0
DA:493,0
DA:495,0
DA:497,0
DA:500,0
DA:501,0
DA:503,0
DA:504,0
DA:508,0
DA:510,0
DA:512,0
DA:515,0
DA:518,0
DA:520,0
DA:522,0
DA:524,0
DA:529,0
DA:530,0
DA:532,0
DA:534,0
DA:537,0
DA:538,0
DA:540,0
DA:541,0
DA:545,0
DA:546,0
DA:548,0
DA:550,0
DA:553,0
DA:554,0
DA:556,0
DA:557,0
DA:561,0
DA:562,0
DA:564,0
DA:566,0
DA:569,0
DA:570,0
DA:572,0
DA:573,0
DA:577,0
DA:578,0
DA:580,0
DA:582,0
DA:585,0
DA:586,0
DA:588,0
DA:589,0
DA:593,0
DA:594,0
DA:596,0
DA:598,0
DA:601,0
DA:602,0
DA:604,0
DA:605,0
DA:609,0
DA:610,0
DA:612,0
DA:614,0
DA:617,0
DA:618,0
DA:620,0
DA:621,0
DA:628,0
DA:638,0
DA:640,0
DA:643,0
DA:646,0
DA:649,0
DA:652,0
DA:655,0
DA:658,0
DA:661,0
DA:666,0
DA:668,0
DA:670,0
DA:672,0
DA:674,0
DA:676,0
DA:680,0
DA:681,0
DA:683,0
DA:685,0
DA:687,0
DA:688,0
DA:689,0
DA:690,0
DA:692,0
DA:694,0
DA:697,0
DA:699,0
DA:703,0
DA:706,0
DA:708,0
DA:709,0
DA:711,0
DA:713,0
DA:714,0
DA:716,0
DA:718,0
DA:726,0
DA:727,0
DA:729,0
DA:731,0
DA:734,0
DA:735,0
DA:737,0
DA:738,0
DA:742,0
DA:743,0
DA:745,0
DA:747,0
DA:750,0
DA:751,0
DA:753,0
DA:754,0
DA:761,0
DA:762,0
DA:764,0
DA:766,0
DA:769,0
DA:770,0
DA:772,0
DA:773,0
DA:779,0
DA:780,0
DA:782,0
DA:784,0
DA:787,0
DA:788,0
DA:790,0
DA:791,0
DA:798,0
DA:799,0
DA:801,0
DA:803,0
DA:806,0
DA:807,0
DA:809,0
DA:810,0
DA:817,0
DA:818,0
DA:820,0
DA:822,0
DA:825,0
DA:826,0
DA:828,0
DA:829,0
DA:835,0
DA:836,0
DA:838,0
DA:840,0
DA:843,0
DA:844,0
DA:846,0
DA:847,0
DA:851,0
DA:852,0
DA:854,0
DA:856,0
DA:859,0
DA:860,0
DA:862,0
DA:863,0
DA:867,0
DA:873,0
DA:875,0
DA:878,0
DA:881,0
DA:884,0
DA:889,0
DA:891,0
DA:893,0
DA:895,0
DA:897,0
DA:899,0
DA:903,0
DA:904,0
DA:905,0
DA:906,0
DA:907,0
DA:909,0
DA:913,0
DA:915,0
DA:920,0
DA:921,0
DA:924,0
DA:926,0
DA:928,0
DA:930,0
DA:932,0
DA:933,0
DA:935,0
DA:937,0
DA:943,0
DA:944,0
DA:946,0
DA:948,0
DA:951,0
DA:952,0
DA:954,0
DA:955,0
DA:959,0
DA:960,0
DA:962,0
DA:964,0
DA:967,0
DA:968,0
DA:970,0
DA:971,0
DA:975,0
DA:976,0
DA:978,0
DA:980,0
DA:983,0
DA:984,0
DA:986,0
DA:987,0
DA:991,0
DA:992,0
DA:994,0
DA:996,0
DA:999,0
DA:1000,0
DA:1002,0
DA:1003,0
DA:1009,0
DA:1019,0
DA:1021,0
DA:1024,0
DA:1027,0
DA:1030,0
DA:1033,0
DA:1036,0
DA:1039,0
DA:1042,0
DA:1047,0
DA:1049,0
DA:1051,0
DA:1053,0
DA:1055,0
DA:1057,0
DA:1061,0
DA:1062,0
DA:1063,0
DA:1064,0
DA:1065,0
DA:1066,0
DA:1071,0
DA:1074,0
DA:1075,0
DA:1077,0
DA:1081,0
DA:1083,0
DA:1087,0
DA:1090,0
DA:1092,0
DA:1093,0
DA:1095,0
DA:1097,0
DA:1098,0
DA:1100,0
DA:1102,0
DA:1107,0
DA:1108,0
DA:1110,0
DA:1112,0
DA:1115,0
DA:1116,0
DA:1118,0
DA:1119,0
DA:1124,0
DA:1125,0
DA:1127,0
DA:1129,0
DA:1132,0
DA:1133,0
DA:1135,0
DA:1136,0
DA:1140,0
DA:1141,0
DA:1143,0
DA:1145,0
DA:1148,0
DA:1149,0
DA:1151,0
DA:1152,0
DA:1156,0
DA:1157,0
DA:1159,0
DA:1161,0
DA:1164,0
DA:1165,0
DA:1167,0
DA:1168,0
DA:1172,0
DA:1173,0
DA:1175,0
DA:1177,0
DA:1180,0
DA:1181,0
DA:1183,0
DA:1184,0
DA:1188,0
DA:1189,0
DA:1191,0
DA:1193,0
DA:1196,0
DA:1197,0
DA:1199,0
DA:1200,0
DA:1204,0
DA:1205,0
DA:1207,0
DA:1209,0
DA:1212,0
DA:1213,0
DA:1215,0
DA:1216,0
DA:1218,0
DA:1219,0
DA:1223,0
DA:1224,0
DA:1226,0
DA:1228,0
DA:1231,0
DA:1232,0
DA:1234,0
DA:1235,0
DA:1241,0
DA:1253,0
DA:1255,0
DA:1258,0
DA:1261,0
DA:1264,0
DA:1267,0
DA:1270,0
DA:1273,0
DA:1276,0
DA:1279,0
DA:1282,0
DA:1287,0
DA:1289,0
DA:1291,0
DA:1293,0
DA:1295,0
DA:1297,0
DA:1301,0
DA:1303,0
DA:1308,0
DA:1310,0
DA:1311,0
DA:1312,0
DA:1317,0
DA:1322,0
DA:1327,0
DA:1328,0
DA:1329,0
DA:1331,0
DA:1335,0
DA:1337,0
DA:1341,0
DA:1344,0
DA:1346,0
DA:1347,0
DA:1349,0
DA:1351,0
DA:1352,0
DA:1354,0
DA:1356,0
DA:1362,0
DA:1363,0
DA:1365,0
DA:1367,0
DA:1370,0
DA:1371,0
DA:1373,0
DA:1374,0
DA:1378,0
DA:1379,0
DA:1381,0
DA:1383,0
DA:1386,0
DA:1387,0
DA:1389,0
DA:1390,0
DA:1395,0
DA:1396,0
DA:1398,0
DA:1400,0
DA:1403,0
DA:1404,0
DA:1406,0
DA:1407,0
DA:1412,0
DA:1413,0
DA:1415,0
DA:1417,0
DA:1420,0
DA:1421,0
DA:1423,0
DA:1424,0
DA:1428,0
DA:1429,0
DA:1431,0
DA:1433,0
DA:1436,0
DA:1437,0
DA:1439,0
DA:1440,0
DA:1444,0
DA:1445,0
DA:1447,0
DA:1449,0
DA:1452,0
DA:1453,0
DA:1455,0
DA:1456,0
DA:1460,0
DA:1461,0
DA:1463,0
DA:1465,0
DA:1468,0
DA:1469,0
DA:1471,0
DA:1472,0
DA:1476,0
DA:1477,0
DA:1479,0
DA:1481,0
DA:1484,0
DA:1485,0
DA:1487,0
DA:1488,0
DA:1492,0
DA:1493,0
DA:1495,0
DA:1497,0
DA:1500,0
DA:1501,0
DA:1503,0
DA:1504,0
DA:1508,0
DA:1509,0
DA:1511,0
DA:1513,0
DA:1516,0
DA:1517,0
DA:1519,0
DA:1520,0
DA:1526,1
DA:1543,1
DA:1545,0
DA:1548,0
DA:1551,0
DA:1554,0
DA:1557,0
DA:1560,0
DA:1563,1
DA:1566,0
DA:1569,0
DA:1572,0
DA:1575,0
DA:1578,0
DA:1581,0
DA:1584,0
DA:1587,0
DA:1592,4
DA:1594,0
DA:1596,0
DA:1598,0
DA:1600,0
DA:1602,6
DA:1606,2
DA:1607,2
DA:1612,2
DA:1613,2
DA:1615,2
DA:1616,2
DA:1618,2
DA:1623,2
DA:1624,2
DA:1625,2
DA:1626,2
DA:1627,2
DA:1628,2
DA:1629,2
DA:1631,2
DA:1633,2
DA:1635,0
DA:1638,0
DA:1640,0
DA:1644,0
DA:1647,4
DA:1649,2
DA:1650,2
DA:1652,0
DA:1654,0
DA:1655,0
DA:1657,0
DA:1659,0
DA:1665,1
DA:1666,1
DA:1668,0
DA:1670,0
DA:1673,0
DA:1674,0
DA:1676,0
DA:1677,0
DA:1685,1
DA:1686,1
DA:1688,0
DA:1690,0
DA:1693,0
DA:1694,0
DA:1696,0
DA:1697,0
DA:1703,0
DA:1704,0
DA:1706,0
DA:1708,0
DA:1711,0
DA:1712,0
DA:1714,0
DA:1715,0
DA:1720,0
DA:1721,0
DA:1723,0
DA:1725,0
DA:1728,0
DA:1729,0
DA:1731,0
DA:1732,0
DA:1737,0
DA:1738,0
DA:1740,0
DA:1742,0
DA:1745,0
DA:1746,0
DA:1748,0
DA:1749,0
DA:1755,0
DA:1756,0
DA:1758,0
DA:1760,0
DA:1763,0
DA:1764,0
DA:1766,0
DA:1767,0
DA:1771,2
DA:1772,2
DA:1774,1
DA:1776,1
DA:1779,0
DA:1780,0
DA:1782,0
DA:1783,0
DA:1789,1
DA:1790,1
DA:1792,0
DA:1794,0
DA:1797,0
DA:1798,0
DA:1800,0
DA:1801,0
DA:1806,1
DA:1807,1
DA:1809,0
DA:1811,0
DA:1814,0
DA:1815,0
DA:1817,0
DA:1818,0
DA:1825,1
DA:1826,1
DA:1828,0
DA:1830,0
DA:1833,0
DA:1834,0
DA:1836,0
DA:1837,0
DA:1847,1
DA:1848,1
DA:1850,0
DA:1852,0
DA:1855,0
DA:1856,0
DA:1858,0
DA:1859,0
DA:1865,0
DA:1866,0
DA:1868,0
DA:1870,0
DA:1873,0
DA:1874,0
DA:1876,0
DA:1877,0
DA:1881,1
DA:1882,1
DA:1884,0
DA:1886,0
DA:1889,0
DA:1890,0
DA:1892,0
DA:1893,0
DA:1901,0
DA:1902,0
DA:1904,0
DA:1906,0
DA:1909,0
DA:1910,0
DA:1912,0
DA:1913,0
DA:1919,0
DA:1920,0
DA:1924,0
DA:1929,0
DA:1931,0
DA:1934,0
DA:1937,0
DA:1942,0
DA:1944,0
DA:1946,0
DA:1948,0
DA:1950,0
DA:1952,0
DA:1956,0
DA:1957,0
DA:1962,0
DA:1963,0
DA:1965,0
DA:1969,0
DA:1971,0
DA:1976,0
DA:1979,0
DA:1981,0
DA:1982,0
DA:1984,0
DA:1986,0
DA:1987,0
DA:1989,0
DA:1991,0
DA:1996,0
DA:1997,0
DA:1999,0
DA:2001,0
DA:2004,0
DA:2005,0
DA:2007,0
DA:2008,0
DA:2012,0
DA:2013,0
DA:2015,0
DA:2017,0
DA:2020,0
DA:2021,0
DA:2023,0
DA:2024,0
DA:2028,0
DA:2029,0
DA:2031,0
DA:2033,0
DA:2036,0
DA:2037,0
DA:2039,0
DA:2040,0
DA:2055,2
DA:2064,2
DA:2066,0
DA:2069,0
DA:2072,0
DA:2075,0
DA:2078,0
DA:2081,2
DA:2084,0
DA:2089,4
DA:2091,0
DA:2093,0
DA:2095,0
DA:2097,0
DA:2110,6
DA:2114,4
DA:2115,2
DA:2117,2
DA:2119,2
DA:2121,2
DA:2123,2
DA:2125,2
DA:2127,2
DA:2129,2
DA:2131,0
DA:2134,0
DA:2136,0
DA:2140,0
DA:2142,4
DA:2144,2
DA:2145,2
DA:2147,0
DA:2149,0
DA:2151,0
DA:2153,0
DA:2156,1
DA:2157,2
DA:2159,0
DA:2161,0
DA:2162,0
DA:2164,0
DA:2166,0
DA:2169,0
DA:2170,0
DA:2172,0
DA:2173,0
DA:2175,0
DA:2176,0
DA:2178,0
DA:2179,0
DA:2181,0
DA:2183,0
DA:2186,0
DA:2187,0
DA:2189,0
DA:2190,0
DA:2192,0
DA:2193,0
DA:2195,0
DA:2196,0
DA:2198,0
DA:2200,0
DA:2203,0
DA:2204,0
DA:2206,0
DA:2207,0
DA:2209,0
DA:2210,0
DA:2212,0
DA:2213,0
DA:2215,0
DA:2217,0
DA:2220,0
DA:2221,0
DA:2223,0
DA:2224,0
DA:2226,0
DA:2227,0
DA:2229,0
DA:2230,0
DA:2232,0
DA:2234,0
DA:2237,0
DA:2238,0
DA:2240,0
DA:2241,0
DA:2243,0
DA:2244,0
DA:2246,2
DA:2247,2
DA:2249,2
DA:2251,2
DA:2254,0
DA:2255,0
DA:2257,0
DA:2258,0
DA:2260,0
DA:2261,0
DA:2263,0
DA:2264,0
DA:2266,0
DA:2268,0
DA:2271,0
DA:2272,0
DA:2274,0
DA:2275,0
DA:2277,0
DA:2278,0
LF:973
LH:65
end_of_record
SF:lib/protobufs/generated/meshtastic/config.pbenum.dart
DA:54,0
DA:55,0
DA:57,0
DA:59,9
DA:86,0
DA:88,0
DA:89,0
DA:91,9
DA:92,0
DA:148,0
DA:150,0
DA:151,0
DA:153,9
DA:154,0
DA:169,0
DA:170,0
DA:172,0
DA:173,0
DA:175,9
DA:176,0
DA:212,0
DA:214,0
DA:215,0
DA:217,9
DA:218,0
DA:236,0
DA:238,0
DA:239,0
DA:241,9
DA:242,0
DA:265,0
DA:266,0
DA:268,0
DA:269,0
DA:271,9
DA:272,0
DA:293,0
DA:294,0
DA:296,0
DA:297,0
DA:299,9
DA:300,0
DA:363,2
DA:364,1
DA:366,1
DA:367,2
DA:369,9
DA:370,0
DA:407,0
DA:408,0
DA:410,0
DA:411,0
DA:413,9
DA:414,0
DA:435,0
DA:437,0
DA:438,0
DA:440,9
DA:441,0
LF:59
LH:15
end_of_record
SF:lib/protobufs/generated/meshtastic/mesh.pbenum.dart
DA:173,0
DA:174,0
DA:176,0
DA:178,9
DA:193,0
DA:194,0
DA:196,0
DA:198,9
DA:247,0
DA:248,0
DA:250,0
DA:252,9
DA:274,0
DA:275,0
DA:277,0
DA:279,9
DA:305,0
DA:306,0
DA:308,0
DA:310,9
DA:357,2
DA:358,1
DA:360,3
DA:362,9
DA:410,2
DA:411,1
DA:413,3
DA:415,9
DA:434,0
DA:435,0
DA:437,0
DA:439,9
DA:470,0
DA:471,0
DA:473,0
DA:475,9
LF:36
LH:15
end_of_record
SF:lib/protobufs/generated/meshtastic/module_config.pb.dart
DA:23,0
DA:34,0
DA:36,0
DA:39,0
DA:42,0
DA:45,0
DA:48,0
DA:51,0
DA:54,0
DA:57,0
DA:60,0
DA:65,0
DA:67,0
DA:69,0
DA:71,0
DA:73,0
DA:75,0
DA:79,0
DA:80,0
DA:81,0
DA:82,0
DA:83,0
DA:84,0
DA:85,0
DA:86,0
DA:87,0
DA:88,0
DA:90,0
DA:94,0
DA:96,0
DA:101,0
DA:104,0
DA:106,0
DA:107,0
DA:109,0
DA:111,0
DA:112,0
DA:114,0
DA:116,0
DA:122,0
DA:123,0
DA:125,0
DA:127,0
DA:130,0
DA:131,0
DA:133,0
DA:134,0
DA:139,0
DA:140,0
DA:142,0
DA:144,0
DA:147,0
DA:148,0
DA:150,0
DA:151,0
DA:157,0
DA:158,0
DA:160,0
DA:162,0
DA:165,0
DA:166,0
DA:168,0
DA:169,0
DA:175,0
DA:176,0
DA:178,0
DA:180,0
DA:183,0
DA:184,0
DA:186,0
DA:187,0
DA:194,0
DA:195,0
DA:197,0
DA:199,0
DA:202,0
DA:203,0
DA:205,0
DA:206,0
DA:210,0
DA:211,0
DA:213,0
DA:215,0
DA:218,0
DA:219,0
DA:221,0
DA:222,0
DA:226,0
DA:227,0
DA:229,0
DA:231,0
DA:234,0
DA:235,0
DA:237,0
DA:238,0
DA:243,0
DA:244,0
DA:246,0
DA:248,0
DA:251,0
DA:252,0
DA:254,0
DA:255,0
DA:259,0
DA:260,0
DA:262,0
DA:264,0
DA:267,0
DA:268,0
DA:270,0
DA:271,0
DA:277,0
DA:282,0
DA:284,0
DA:287,0
DA:290,0
DA:295,0
DA:297,0
DA:299,0
DA:301,0
DA:303,0
DA:305,0
DA:309,0
DA:310,0
DA:311,0
DA:314,0
DA:316,0
DA:320,0
DA:322,0
DA:327,0
DA:328,0
DA:331,0
DA:333,0
DA:335,0
DA:337,0
DA:339,0
DA:340,0
DA:342,0
DA:344,0
DA:350,0
DA:351,0
DA:353,0
DA:355,0
DA:358,0
DA:359,0
DA:361,0
DA:362,0
DA:366,0
DA:367,0
DA:369,0
DA:371,0
DA:374,0
DA:375,0
DA:377,0
DA:378,0
DA:382,0
DA:383,0
DA:389,0
DA:393,0
DA:395,0
DA:398,0
DA:403,0
DA:405,0
DA:407,0
DA:409,0
DA:411,0
DA:413,0
DA:417,0
DA:418,0
DA:420,0
DA:422,0
DA:426,0
DA:428,0
DA:433,0
DA:434,0
DA:437,0
DA:439,0
DA:441,0
DA:443,0
DA:445,0
DA:446,0
DA:448,0
DA:450,0
DA:456,0
DA:457,0
DA:459,0
DA:461,0
DA:464,0
DA:465,0
DA:467,0
DA:468,0
DA:473,0
DA:474,0
DA:476,0
DA:478,0
DA:481,0
DA:482,0
DA:484,0
DA:485,0
DA:491,0
DA:501,0
DA:503,0
DA:506,0
DA:509,0
DA:512,0
DA:515,0
DA:518,0
DA:521,0
DA:524,0
DA:529,0
DA:531,0
DA:533,0
DA:535,0
DA:537,0
DA:539,0
DA:543,0
DA:544,0
DA:546,0
DA:548,0
DA:549,0
DA:550,0
DA:551,0
DA:552,0
DA:553,0
DA:555,0
DA:559,0
DA:561,0
DA:566,0
DA:567,0
DA:570,0
DA:572,0
DA:574,0
DA:576,0
DA:578,0
DA:579,0
DA:581,0
DA:583,0
DA:589,0
DA:590,0
DA:592,0
DA:594,0
DA:597,0
DA:598,0
DA:600,0
DA:601,0
DA:605,0
DA:606,0
DA:608,0
DA:610,0
DA:613,0
DA:614,0
DA:616,0
DA:617,0
DA:623,0
DA:624,0
DA:626,0
DA:628,0
DA:631,0
DA:632,0
DA:634,0
DA:635,0
DA:640,0
DA:641,0
DA:643,0
DA:645,0
DA:648,0
DA:649,0
DA:651,0
DA:652,0
DA:658,0
DA:659,0
DA:661,0
DA:663,0
DA:666,0
DA:667,0
DA:669,0
DA:670,0
DA:674,0
DA:675,0
DA:677,0
DA:679,0
DA:682,0
DA:683,0
DA:685,0
DA:686,0
DA:691,0
DA:692,0
DA:694,0
DA:696,0
DA:699,0
DA:700,0
DA:702,0
DA:703,0
DA:708,0
DA:709,0
DA:711,0
DA:713,0
DA:716,0
DA:717,0
DA:719,0
DA:720,0
DA:726,0
DA:735,0
DA:737,0
DA:740,0
DA:743,0
DA:746,0
DA:749,0
DA:752,0
DA:755,0
DA:760,0
DA:762,0
DA:764,0
DA:766,0
DA:768,0
DA:770,0
DA:774,0
DA:775,0
DA:776,0
DA:781,0
DA:782,0
DA:783,0
DA:784,0
DA:785,0
DA:787,0
DA:791,0
DA:793,0
DA:798,0
DA:801,0
DA:803,0
DA:804,0
DA:806,0
DA:808,0
DA:809,0
DA:811,0
DA:813,0
DA:818,0
DA:819,0
DA:821,0
DA:823,0
DA:826,0
DA:827,0
DA:829,0
DA:830,0
DA:834,0
DA:835,0
DA:837,0
DA:839,0
DA:842,0
DA:843,0
DA:845,0
DA:846,0
DA:850,0
DA:851,0
DA:853,0
DA:855,0
DA:858,0
DA:859,0
DA:861,0
DA:862,0
DA:866,0
DA:867,0
DA:869,0
DA:871,0
DA:874,0
DA:875,0
DA:877,0
DA:878,0
DA:882,0
DA:883,0
DA:885,0
DA:887,0
DA:890,0
DA:891,0
DA:893,0
DA:894,0
DA:898,0
DA:899,0
DA:901,0
DA:903,0
DA:906,0
DA:907,0
DA:909,0
DA:910,0
DA:914,0
DA:915,0
DA:917,0
DA:919,0
DA:922,0
DA:923,0
DA:925,0
DA:926,0
DA:932,0
DA:936,0
DA:938,0
DA:941,0
DA:946,0
DA:948,0
DA:950,0
DA:952,0
DA:954,0
DA:956,0
DA:960,0
DA:961,0
DA:963,0
DA:965,0
DA:969,0
DA:971,0
DA:976,0
DA:977,0
DA:980,0
DA:982,0
DA:984,0
DA:986,0
DA:988,0
DA:989,0
DA:991,0
DA:993,0
DA:998,0
DA:999,0
DA:1001,0
DA:1003,0
DA:1006,0
DA:1007,0
DA:1009,0
DA:1010,0
DA:1012,0
DA:1013,0
DA:1015,0
DA:1017,0
DA:1020,0
DA:1021,0
DA:1023,0
DA:1024,0
DA:1030,0
DA:1040,0
DA:1042,0
DA:1045,0
DA:1048,0
DA:1051,0
DA:1054,0
DA:1057,0
DA:1060,0
DA:1063,0
DA:1068,0
DA:1070,0
DA:1072,0
DA:1074,0
DA:1076,0
DA:1078,0
DA:1082,0
DA:1083,0
DA:1084,0
DA:1085,0
DA:1086,0
DA:1091,0
DA:1092,0
DA:1097,0
DA:1098,0
DA:1100,0
DA:1104,0
DA:1106,0
DA:1111,0
DA:1114,0
DA:1116,0
DA:1117,0
DA:1119,0
DA:1121,0
DA:1122,0
DA:1124,0
DA:1126,0
DA:1131,0
DA:1132,0
DA:1134,0
DA:1136,0
DA:1139,0
DA:1140,0
DA:1142,0
DA:1143,0
DA:1147,0
DA:1148,0
DA:1150,0
DA:1152,0
DA:1155,0
DA:1156,0
DA:1158,0
DA:1159,0
DA:1163,0
DA:1164,0
DA:1166,0
DA:1168,0
DA:1171,0
DA:1172,0
DA:1174,0
DA:1175,0
DA:1179,0
DA:1180,0
DA:1182,0
DA:1184,0
DA:1187,0
DA:1188,0
DA:1190,0
DA:1191,0
DA:1195,0
DA:1196,0
DA:1198,0
DA:1200,0
DA:1203,0
DA:1204,0
DA:1206,0
DA:1207,0
DA:1211,0
DA:1212,0
DA:1214,0
DA:1216,0
DA:1219,0
DA:1220,0
DA:1222,0
DA:1223,0
DA:1227,0
DA:1228,0
DA:1230,0
DA:1232,0
DA:1235,0
DA:1236,0
DA:1238,0
DA:1239,0
DA:1245,0
DA:1246,0
DA:1248,0
DA:1250,0
DA:1253,0
DA:1254,0
DA:1256,0
DA:1257,0
DA:1263,0
DA:1280,0
DA:1282,0
DA:1285,0
DA:1288,0
DA:1291,0
DA:1294,0
DA:1297,0
DA:1300,0
DA:1303,0
DA:1306,0
DA:1309,0
DA:1312,0
DA:1315,0
DA:1318,0
DA:1321,0
DA:1324,0
DA:1329,0
DA:1331,0
DA:1334,0
DA:1336,0
DA:1338,0
DA:1340,0
DA:1344,0
DA:1345,0
DA:1346,0
DA:1347,0
DA:1348,0
DA:1349,0
DA:1350,0
DA:1351,0
DA:1352,0
DA:1354,0
DA:1355,0
DA:1356,0
DA:1357,0
DA:1358,0
DA:1359,0
DA:1360,0
DA:1362,0
DA:1366,0
DA:1368,0
DA:1373,0
DA:1374,0
DA:1377,0
DA:1379,0
DA:1381,0
DA:1383,0
DA:1385,0
DA:1386,0
DA:1388,0
DA:1390,0
DA:1396,0
DA:1397,0
DA:1399,0
DA:1401,0
DA:1404,0
DA:1405,0
DA:1407,0
DA:1408,0
DA:1413,0
DA:1414,0
DA:1416,0
DA:1418,0
DA:1421,0
DA:1422,0
DA:1424,0
DA:1425,0
DA:1431,0
DA:1432,0
DA:1434,0
DA:1436,0
DA:1439,0
DA:1440,0
DA:1442,0
DA:1443,0
DA:1448,0
DA:1449,0
DA:1451,0
DA:1453,0
DA:1456,0
DA:1457,0
DA:1459,0
DA:1460,0
DA:1464,0
DA:1465,0
DA:1467,0
DA:1469,0
DA:1472,0
DA:1473,0
DA:1475,0
DA:1476,0
DA:1480,0
DA:1481,0
DA:1483,0
DA:1485,0
DA:1488,0
DA:1489,0
DA:1491,0
DA:1492,0
DA:1498,0
DA:1499,0
DA:1501,0
DA:1503,0
DA:1506,0
DA:1507,0
DA:1509,0
DA:1510,0
DA:1515,0
DA:1516,0
DA:1518,0
DA:1520,0
DA:1523,0
DA:1524,0
DA:1526,0
DA:1527,0
DA:1532,0
DA:1533,0
DA:1535,0
DA:1537,0
DA:1540,0
DA:1541,0
DA:1543,0
DA:1544,0
DA:1548,0
DA:1549,0
DA:1551,0
DA:1553,0
DA:1556,0
DA:1557,0
DA:1559,0
DA:1560,0
DA:1564,0
DA:1565,0
DA:1567,0
DA:1569,0
DA:1572,0
DA:1573,0
DA:1575,0
DA:1576,0
DA:1580,0
DA:1581,0
DA:1583,0
DA:1585,0
DA:1588,0
DA:1589,0
DA:1591,0
DA:1592,0
DA:1596,0
DA:1597,0
DA:1599,0
DA:1601,0
DA:1604,0
DA:1605,0
DA:1607,0
DA:1608,0
DA:1614,0
DA:1615,0
DA:1617,0
DA:1619,0
DA:1622,0
DA:1623,0
DA:1625,0
DA:1626,0
DA:1631,0
DA:1632,0
DA:1634,0
DA:1636,0
DA:1639,0
DA:1640,0
DA:1642,0
DA:1643,0
DA:1649,0
DA:1656,0
DA:1658,0
DA:1661,0
DA:1664,0
DA:1667,0
DA:1670,0
DA:1675,0
DA:1677,0
DA:1679,0
DA:1681,0
DA:1683,0
DA:1685,0
DA:1689,0
DA:1690,0
DA:1691,0
DA:1692,0
DA:1694,0
DA:1696,0
DA:1698,0
DA:1702,0
DA:1704,0
DA:1709,0
DA:1710,0
DA:1713,0
DA:1715,0
DA:1717,0
DA:1719,0
DA:1721,0
DA:1722,0
DA:1724,0
DA:1726,0
DA:1732,0
DA:1733,0
DA:1735,0
DA:1737,0
DA:1740,0
DA:1741,0
DA:1743,0
DA:1744,0
DA:1748,0
DA:1749,0
DA:1751,0
DA:1753,0
DA:1756,0
DA:1757,0
DA:1759,0
DA:1760,0
DA:1764,0
DA:1765,0
DA:1767,0
DA:1769,0
DA:1772,0
DA:1773,0
DA:1775,0
DA:1776,0
DA:1780,0
DA:1781,0
DA:1783,0
DA:1785,0
DA:1788,0
DA:1789,0
DA:1791,0
DA:1792,0
DA:1796,0
DA:1797,0
DA:1799,0
DA:1801,0
DA:1804,0
DA:1805,0
DA:1807,0
DA:1808,0
DA:1814,0
DA:1819,0
DA:1821,0
DA:1824,0
DA:1827,0
DA:1832,0
DA:1834,0
DA:1836,0
DA:1838,0
DA:1840,0
DA:1842,0
DA:1846,0
DA:1847,0
DA:1848,0
DA:1849,0
DA:1851,0
DA:1855,0
DA:1857,0
DA:1862,0
DA:1863,0
DA:1866,0
DA:1868,0
DA:1870,0
DA:1872,0
DA:1874,0
DA:1875,0
DA:1877,0
DA:1879,0
DA:1884,0
DA:1885,0
DA:1887,0
DA:1889,0
DA:1892,0
DA:1893,0
DA:1895,0
DA:1896,0
DA:1900,0
DA:1901,0
DA:1903,0
DA:1905,0
DA:1908,0
DA:1909,0
DA:1911,0
DA:1912,0
DA:1917,0
DA:1918,0
DA:1920,0
DA:1922,0
DA:1925,0
DA:1926,0
DA:1928,0
DA:1929,0
DA:1935,0
DA:1947,0
DA:1949,0
DA:1952,0
DA:1955,0
DA:1958,0
DA:1961,0
DA:1964,0
DA:1967,0
DA:1970,0
DA:1973,0
DA:1976,0
DA:1981,0
DA:1983,0
DA:1985,0
DA:1987,0
DA:1989,0
DA:1991,0
DA:1995,0
DA:1997,0
DA:1999,0
DA:2000,0
DA:2001,0
DA:2002,0
DA:2003,0
DA:2005,0
DA:2006,0
DA:2008,0
DA:2009,0
DA:2011,0
DA:2015,0
DA:2017,0
DA:2022,0
DA:2023,0
DA:2026,0
DA:2028,0
DA:2030,0
DA:2032,0
DA:2034,0
DA:2035,0
DA:2037,0
DA:2039,0
DA:2045,0
DA:2046,0
DA:2048,0
DA:2050,0
DA:2053,0
DA:2054,0
DA:2056,0
DA:2057,0
DA:2059,0
DA:2060,0
DA:2062,0
DA:2064,0
DA:2067,0
DA:2068,0
DA:2070,0
DA:2071,0
DA:2076,0
DA:2077,0
DA:2079,0
DA:2081,0
DA:2084,0
DA:2085,0
DA:2087,0
DA:2088,0
DA:2092,0
DA:2093,0
DA:2095,0
DA:2097,0
DA:2100,0
DA:2101,0
DA:2103,0
DA:2104,0
DA:2109,0
DA:2110,0
DA:2112,0
DA:2114,0
DA:2117,0
DA:2118,0
DA:2120,0
DA:2121,0
DA:2125,0
DA:2126,0
DA:2128,0
DA:2130,0
DA:2133,0
DA:2134,0
DA:2136,0
DA:2137,0
DA:2142,0
DA:2143,0
DA:2145,0
DA:2147,0
DA:2150,0
DA:2151,0
DA:2153,0
DA:2154,0
DA:2159,0
DA:2160,0
DA:2162,0
DA:2164,0
DA:2167,0
DA:2168,0
DA:2170,0
DA:2171,0
DA:2176,0
DA:2177,0
DA:2179,0
DA:2181,0
DA:2184,0
DA:2185,0
DA:2187,0
DA:2188,0
DA:2193,0
DA:2194,0
DA:2196,0
DA:2198,0
DA:2201,0
DA:2202,0
DA:2204,0
DA:2205,0
DA:2211,0
DA:2224,0
DA:2226,0
DA:2229,0
DA:2232,0
DA:2235,0
DA:2238,0
DA:2241,0
DA:2244,0
DA:2247,0
DA:2250,0
DA:2253,0
DA:2256,0
DA:2261,0
DA:2263,0
DA:2265,0
DA:2267,0
DA:2269,0
DA:2271,0
DA:2275,0
DA:2276,0
DA:2278,0
DA:2280,0
DA:2282,0
DA:2287,0
DA:2292,0
DA:2297,0
DA:2298,0
DA:2299,0
DA:2300,0
DA:2301,0
DA:2303,0
DA:2307,0
DA:2309,0
DA:2314,0
DA:2315,0
DA:2318,0
DA:2320,0
DA:2322,0
DA:2324,0
DA:2326,0
DA:2327,0
DA:2329,0
DA:2331,0
DA:2337,0
DA:2338,0
DA:2340,0
DA:2342,0
DA:2345,0
DA:2346,0
DA:2348,0
DA:2349,0
DA:2353,0
DA:2354,0
DA:2356,0
DA:2358,0
DA:2361,0
DA:2362,0
DA:2364,0
DA:2365,0
DA:2369,0
DA:2370,0
DA:2372,0
DA:2374,0
DA:2377,0
DA:2378,0
DA:2380,0
DA:2381,0
DA:2385,0
DA:2386,0
DA:2388,0
DA:2390,0
DA:2393,0
DA:2394,0
DA:2396,0
DA:2397,0
DA:2401,0
DA:2403,0
DA:2405,0
DA:2407,0
DA:2410,0
DA:2411,0
DA:2413,0
DA:2414,0
DA:2418,0
DA:2420,0
DA:2422,0
DA:2424,0
DA:2427,0
DA:2428,0
DA:2430,0
DA:2431,0
DA:2435,0
DA:2437,0
DA:2439,0
DA:2441,0
DA:2444,0
DA:2445,0
DA:2447,0
DA:2448,0
DA:2452,0
DA:2453,0
DA:2455,0
DA:2457,0
DA:2460,0
DA:2461,0
DA:2463,0
DA:2464,0
DA:2468,0
DA:2469,0
DA:2471,0
DA:2473,0
DA:2476,0
DA:2477,0
DA:2479,0
DA:2480,0
DA:2485,0
DA:2486,0
DA:2488,0
DA:2490,0
DA:2493,0
DA:2494,0
DA:2496,0
DA:2497,0
DA:2502,0
DA:2503,0
DA:2505,0
DA:2507,0
DA:2510,0
DA:2511,0
DA:2513,0
DA:2514,0
DA:2521,0
DA:2528,0
DA:2530,0
DA:2533,0
DA:2536,0
DA:2539,0
DA:2542,0
DA:2547,0
DA:2549,0
DA:2551,0
DA:2553,0
DA:2555,0
DA:2557,0
DA:2561,0
DA:2562,0
DA:2563,0
DA:2564,0
DA:2565,0
DA:2566,0
DA:2568,0
DA:2572,0
DA:2574,0
DA:2579,0
DA:2580,0
DA:2583,0
DA:2585,0
DA:2587,0
DA:2589,0
DA:2591,0
DA:2592,0
DA:2594,0
DA:2596,0
DA:2602,0
DA:2603,0
DA:2605,0
DA:2607,0
DA:2610,0
DA:2611,0
DA:2613,0
DA:2614,0
DA:2618,0
DA:2619,0
DA:2621,0
DA:2623,0
DA:2626,0
DA:2627,0
DA:2629,0
DA:2630,0
DA:2634,0
DA:2635,0
DA:2637,0
DA:2639,0
DA:2642,0
DA:2643,0
DA:2645,0
DA:2646,0
DA:2650,0
DA:2651,0
DA:2653,0
DA:2655,0
DA:2658,0
DA:2659,0
DA:2661,0
DA:2662,0
DA:2666,0
DA:2667,0
DA:2669,0
DA:2671,0
DA:2674,0
DA:2675,0
DA:2677,0
DA:2678,0
DA:2701,0
DA:2716,0
DA:2718,0
DA:2721,0
DA:2724,0
DA:2727,0
DA:2730,0
DA:2733,0
DA:2736,0
DA:2739,0
DA:2742,0
DA:2745,0
DA:2748,0
DA:2751,0
DA:2754,0
DA:2759,0
DA:2761,0
DA:2763,0
DA:2765,0
DA:2767,0
DA:2786,0
DA:2790,0
DA:2791,0
DA:2793,0
DA:2795,0
DA:2798,0
DA:2801,0
DA:2803,0
DA:2805,0
DA:2808,0
DA:2810,0
DA:2813,0
DA:2816,0
DA:2819,0
DA:2822,0
DA:2825,0
DA:2827,0
DA:2830,0
DA:2832,0
DA:2836,0
DA:2839,0
DA:2841,0
DA:2842,0
DA:2844,0
DA:2846,0
DA:2847,0
DA:2849,0
DA:2851,0
DA:2854,0
DA:2855,0
DA:2857,0
DA:2861,0
DA:2862,0
DA:2864,0
DA:2866,0
DA:2869,0
DA:2870,0
DA:2872,0
DA:2873,0
DA:2875,0
DA:2876,0
DA:2880,0
DA:2881,0
DA:2883,0
DA:2885,0
DA:2888,0
DA:2889,0
DA:2891,0
DA:2892,0
DA:2894,0
DA:2895,0
DA:2899,0
DA:2900,0
DA:2902,0
DA:2904,0
DA:2907,0
DA:2908,0
DA:2910,0
DA:2911,0
DA:2913,0
DA:2915,0
DA:2919,0
DA:2920,0
DA:2922,0
DA:2924,0
DA:2927,0
DA:2928,0
DA:2930,0
DA:2931,0
DA:2933,0
DA:2934,0
DA:2938,0
DA:2939,0
DA:2941,0
DA:2943,0
DA:2946,0
DA:2947,0
DA:2949,0
DA:2950,0
DA:2952,0
DA:2953,0
DA:2957,0
DA:2958,0
DA:2960,0
DA:2962,0
DA:2965,0
DA:2966,0
DA:2968,0
DA:2969,0
DA:2971,0
DA:2972,0
DA:2976,0
DA:2977,0
DA:2979,0
DA:2981,0
DA:2984,0
DA:2985,0
DA:2987,0
DA:2988,0
DA:2990,0
DA:2991,0
DA:2995,0
DA:2996,0
DA:2998,0
DA:3000,0
DA:3003,0
DA:3004,0
DA:3006,0
DA:3007,0
DA:3009,0
DA:3010,0
DA:3014,0
DA:3015,0
DA:3017,0
DA:3019,0
DA:3022,0
DA:3023,0
DA:3025,0
DA:3026,0
DA:3028,0
DA:3029,0
DA:3033,0
DA:3034,0
DA:3036,0
DA:3038,0
DA:3041,0
DA:3042,0
DA:3044,0
DA:3045,0
DA:3047,0
DA:3048,0
DA:3052,0
DA:3053,0
DA:3055,0
DA:3057,0
DA:3060,0
DA:3061,0
DA:3063,0
DA:3064,0
DA:3066,0
DA:3067,0
DA:3071,0
DA:3072,0
DA:3074,0
DA:3076,0
DA:3079,0
DA:3080,0
DA:3082,0
DA:3083,0
DA:3085,0
DA:3086,0
DA:3090,0
DA:3091,0
DA:3093,0
DA:3095,0
DA:3098,0
DA:3099,0
DA:3101,0
DA:3102,0
DA:3104,0
DA:3105,0
DA:3111,0
DA:3116,0
DA:3118,0
DA:3121,0
DA:3124,0
DA:3129,0
DA:3131,0
DA:3133,0
DA:3135,0
DA:3137,0
DA:3139,0
DA:3143,0
DA:3144,0
DA:3145,0
DA:3150,0
DA:3152,0
DA:3155,0
DA:3157,0
DA:3161,0
DA:3164,0
DA:3166,0
DA:3167,0
DA:3169,0
DA:3171,0
DA:3172,0
DA:3174,0
DA:3176,0
DA:3181,0
DA:3182,0
DA:3184,0
DA:3186,0
DA:3189,0
DA:3190,0
DA:3192,0
DA:3193,0
DA:3197,0
DA:3198,0
DA:3200,0
DA:3202,0
DA:3205,0
DA:3206,0
DA:3208,0
DA:3209,0
DA:3213,0
DA:3214,0
DA:3216,0
DA:3218,0
DA:3221,0
DA:3222,0
DA:3224,0
DA:3225,0
LF:1389
LH:0
end_of_record
SF:lib/protobufs/generated/meshtastic/portnums.pbenum.dart
DA:107,2
DA:108,1
DA:110,3
DA:112,9
LF:4
LH:4
end_of_record
SF:lib/protobufs/generated/meshtastic/telemetry.pb.dart
DA:21,0
DA:27,0
DA:29,0
DA:32,0
DA:35,0
DA:38,0
DA:43,0
DA:45,0
DA:47,0
DA:49,0
DA:51,0
DA:53,0
DA:57,0
DA:59,0
DA:60,0
DA:62,0
DA:63,0
DA:65,0
DA:68,0
DA:70,0
DA:74,0
DA:77,0
DA:79,0
DA:80,0
DA:82,0
DA:84,0
DA:85,0
DA:87,0
DA:89,0
DA:94,0
DA:95,0
DA:97,0
DA:99,0
DA:102,0
DA:103,0
DA:105,0
DA:106,0
DA:110,0
DA:111,0
DA:113,0
DA:115,0
DA:118,0
DA:119,0
DA:121,0
DA:122,0
DA:126,0
DA:127,0
DA:129,0
DA:131,0
DA:134,0
DA:135,0
DA:137,0
DA:138,0
DA:142,0
DA:143,0
DA:145,0
DA:147,0
DA:150,0
DA:151,0
DA:153,0
DA:154,0
DA:160,0
DA:168,0
DA:170,0
DA:173,0
DA:176,0
DA:179,0
DA:182,0
DA:185,0
DA:190,0
DA:192,0
DA:194,0
DA:196,0
DA:198,0
DA:200,0
DA:204,0
DA:206,0
DA:208,0
DA:210,0
DA:212,0
DA:213,0
DA:214,0
DA:216,0
DA:219,0
DA:221,0
DA:225,0
DA:228,0
DA:230,0
DA:231,0
DA:233,0
DA:235,0
DA:236,0
DA:238,0
DA:240,0
DA:245,0
DA:246,0
DA:248,0
DA:250,0
DA:253,0
DA:254,0
DA:256,0
DA:257,0
DA:261,0
DA:262,0
DA:264,0
DA:266,0
DA:269,0
DA:270,0
DA:272,0
DA:273,0
DA:277,0
DA:278,0
DA:280,0
DA:282,0
DA:285,0
DA:286,0
DA:288,0
DA:289,0
DA:293,0
DA:294,0
DA:296,0
DA:298,0
DA:301,0
DA:302,0
DA:304,0
DA:305,0
DA:309,0
DA:310,0
DA:312,0
DA:314,0
DA:317,0
DA:318,0
DA:320,0
DA:321,0
DA:325,0
DA:326,0
DA:328,0
DA:330,0
DA:333,0
DA:334,0
DA:336,0
DA:337,0
DA:343,0
DA:351,0
DA:353,0
DA:356,0
DA:359,0
DA:362,0
DA:365,0
DA:368,0
DA:373,0
DA:375,0
DA:377,0
DA:379,0
DA:381,0
DA:383,0
DA:387,0
DA:389,0
DA:391,0
DA:393,0
DA:395,0
DA:397,0
DA:399,0
DA:401,0
DA:404,0
DA:406,0
DA:410,0
DA:413,0
DA:415,0
DA:416,0
DA:418,0
DA:420,0
DA:421,0
DA:423,0
DA:425,0
DA:430,0
DA:431,0
DA:433,0
DA:435,0
DA:438,0
DA:439,0
DA:441,0
DA:442,0
DA:446,0
DA:447,0
DA:449,0
DA:451,0
DA:454,0
DA:455,0
DA:457,0
DA:458,0
DA:462,0
DA:463,0
DA:465,0
DA:467,0
DA:470,0
DA:471,0
DA:473,0
DA:474,0
DA:478,0
DA:479,0
DA:481,0
DA:483,0
DA:486,0
DA:487,0
DA:489,0
DA:490,0
DA:494,0
DA:495,0
DA:497,0
DA:499,0
DA:502,0
DA:503,0
DA:505,0
DA:506,0
DA:510,0
DA:511,0
DA:513,0
DA:515,0
DA:518,0
DA:519,0
DA:521,0
DA:522,0
DA:528,0
DA:542,0
DA:544,0
DA:547,0
DA:550,0
DA:553,0
DA:556,0
DA:559,0
DA:562,0
DA:565,0
DA:568,0
DA:571,0
DA:574,0
DA:577,0
DA:582,0
DA:584,0
DA:586,0
DA:588,0
DA:590,0
DA:592,0
DA:596,0
DA:598,0
DA:600,0
DA:602,0
DA:604,0
DA:606,0
DA:608,0
DA:611,0
DA:614,0
DA:617,0
DA:620,0
DA:623,0
DA:626,0
DA:628,0
DA:631,0
DA:633,0
DA:637,0
DA:640,0
DA:642,0
DA:643,0
DA:645,0
DA:647,0
DA:648,0
DA:650,0
DA:652,0
DA:657,0
DA:658,0
DA:660,0
DA:662,0
DA:665,0
DA:666,0
DA:668,0
DA:669,0
DA:673,0
DA:674,0
DA:676,0
DA:678,0
DA:681,0
DA:682,0
DA:684,0
DA:685,0
DA:689,0
DA:690,0
DA:692,0
DA:694,0
DA:697,0
DA:698,0
DA:700,0
DA:701,0
DA:705,0
DA:706,0
DA:708,0
DA:710,0
DA:713,0
DA:714,0
DA:716,0
DA:717,0
DA:721,0
DA:722,0
DA:724,0
DA:726,0
DA:729,0
DA:730,0
DA:732,0
DA:733,0
DA:737,0
DA:738,0
DA:740,0
DA:742,0
DA:745,0
DA:746,0
DA:748,0
DA:749,0
DA:753,0
DA:754,0
DA:756,0
DA:758,0
DA:761,0
DA:762,0
DA:764,0
DA:765,0
DA:769,0
DA:770,0
DA:772,0
DA:774,0
DA:777,0
DA:778,0
DA:780,0
DA:781,0
DA:785,0
DA:786,0
DA:788,0
DA:790,0
DA:793,0
DA:794,0
DA:796,0
DA:797,0
DA:801,0
DA:802,0
DA:804,0
DA:806,0
DA:809,0
DA:810,0
DA:812,0
DA:813,0
DA:817,0
DA:818,0
DA:820,0
DA:822,0
DA:825,0
DA:826,0
DA:828,0
DA:829,0
DA:833,0
DA:834,0
DA:836,0
DA:838,0
DA:841,0
DA:842,0
DA:844,0
DA:845,0
DA:859,0
DA:866,0
DA:868,0
DA:871,0
DA:874,0
DA:877,0
DA:880,0
DA:885,0
DA:887,0
DA:889,0
DA:891,0
DA:893,0
DA:903,0
DA:907,0
DA:908,0
DA:909,0
DA:911,0
DA:913,0
DA:915,0
DA:917,0
DA:919,0
DA:922,0
DA:924,0
DA:928,0
DA:930,0
DA:932,0
DA:933,0
DA:935,0
DA:937,0
DA:939,0
DA:941,0
DA:944,0
DA:946,0
DA:950,0
DA:951,0
DA:953,0
DA:955,0
DA:958,0
DA:959,0
DA:961,0
DA:962,0
DA:966,0
DA:967,0
DA:969,0
DA:971,0
DA:974,0
DA:975,0
DA:977,0
DA:978,0
DA:980,0
DA:981,0
DA:985,0
DA:986,0
DA:988,0
DA:990,0
DA:993,0
DA:994,0
DA:996,0
DA:997,0
DA:999,0
DA:1000,0
DA:1004,0
DA:1005,0
DA:1007,0
DA:1009,0
DA:1012,0
DA:1013,0
DA:1015,0
DA:1016,0
DA:1018,0
DA:1019,0
DA:1023,0
DA:1024,0
DA:1026,0
DA:1028,0
DA:1031,0
DA:1032,0
DA:1034,0
DA:1035,0
DA:1037,0
DA:1038,0
LF:445
LH:0
end_of_record
SF:lib/protobufs/generated/meshtastic/xmodem.pb.dart
DA:21,0
DA:27,0
DA:29,0
DA:32,0
DA:35,0
DA:38,0
DA:43,0
DA:45,0
DA:47,0
DA:49,0
DA:51,0
DA:53,0
DA:57,0
DA:61,0
DA:62,0
DA:63,0
DA:65,0
DA:67,0
DA:70,0
DA:72,0
DA:76,0
DA:78,0
DA:80,0
DA:81,0
DA:83,0
DA:85,0
DA:87,0
DA:89,0
DA:92,0
DA:93,0
DA:95,0
DA:97,0
DA:100,0
DA:101,0
DA:103,0
DA:104,0
DA:106,0
DA:107,0
DA:109,0
DA:111,0
DA:114,0
DA:115,0
DA:117,0
DA:118,0
DA:120,0
DA:121,0
DA:123,0
DA:125,0
DA:128,0
DA:129,0
DA:131,0
DA:132,0
DA:134,0
DA:135,0
DA:137,0
DA:139,0
DA:142,0
DA:143,0
DA:145,0
DA:146,0
LF:60
LH:0
end_of_record
SF:lib/protobufs/generated/meshtastic/module_config.pbenum.dart
DA:31,0
DA:32,0
DA:34,0
DA:36,9
DA:84,0
DA:86,0
DA:87,0
DA:89,9
DA:90,0
DA:166,0
DA:168,0
DA:169,0
DA:171,9
DA:172,0
DA:206,0
DA:208,0
DA:209,0
DA:211,9
DA:212,0
DA:257,0
DA:259,0
DA:261,0
DA:263,9
DA:265,0
LF:24
LH:5
end_of_record
SF:lib/protobufs/generated/meshtastic/telemetry.pbenum.dart
DA:68,0
DA:69,0
DA:71,0
DA:73,9
LF:4
LH:1
end_of_record
SF:lib/protobufs/generated/meshtastic/xmodem.pbenum.dart
DA:45,0
DA:46,0
DA:48,0
DA:50,9
LF:4
LH:1
end_of_record
SF:lib/providers/ble/radio_reader.dart
DA:12,1
DA:14,2
DA:15,0
DA:16,0
DA:19,2
DA:20,1
DA:21,1
DA:22,1
DA:27,2
DA:31,4
DA:35,3
DA:36,3
DA:37,1
DA:40,2
DA:41,1
DA:48,3
DA:50,1
DA:51,1
DA:54,1
DA:55,2
DA:58,1
DA:60,4
DA:61,1
DA:62,2
DA:63,1
DA:64,2
DA:66,1
LF:27
LH:25
end_of_record
SF:lib/providers/ble/radio_reader.g.dart
DA:9,1
DA:13,12
LF:2
LH:2
end_of_record
SF:lib/providers/services/node_service.dart
DA:19,1
DA:21,4
DA:22,4
DA:23,3
DA:24,1
DA:27,1
DA:31,2
DA:32,1
DA:33,1
DA:34,1
DA:35,1
DA:36,4
DA:37,1
DA:38,1
DA:39,3
DA:40,2
DA:41,1
DA:48,3
DA:49,1
DA:54,1
DA:57,1
DA:59,1
DA:60,1
DA:62,1
DA:66,4
DA:68,2
LF:26
LH:26
end_of_record
SF:lib/providers/services/node_service.g.dart
DA:9,1
DA:13,2
DA:14,1
LF:3
LH:3
end_of_record
SF:lib/models/mesh_node.dart
DA:2,2
LF:1
LH:1
end_of_record
SF:lib/models/chat_type.dart
DA:5,3
DA:8,0
DA:11,0
DA:12,0
DA:13,0
DA:15,1
DA:16,2
DA:21,2
DA:24,0
DA:27,0
DA:28,0
DA:29,0
DA:30,0
DA:32,0
DA:33,0
DA:38,3
DA:40,1
DA:43,0
DA:44,0
DA:45,0
LF:20
LH:6
end_of_record
SF:lib/models/text_message.dart
DA:19,4
LF:1
LH:1
end_of_record
SF:lib/providers/repository/text_message_repository.dart
DA:14,0
DA:18,0
DA:19,0
DA:24,0
DA:30,0
DA:31,0
DA:34,0
DA:37,0
DA:39,0
DA:40,0
DA:41,0
DA:42,0
DA:43,0
DA:44,0
DA:45,0
DA:46,0
DA:51,0
DA:55,0
DA:57,0
DA:59,0
DA:64,0
DA:67,0
DA:70,0
DA:74,0
DA:76,0
DA:77,0
DA:78,0
DA:79,0
DA:80,0
DA:81,0
DA:82,0
DA:83,0
DA:84,0
DA:90,0
DA:91,0
DA:93,0
DA:96,0
DA:104,0
DA:107,0
DA:108,0
DA:111,0
DA:120,0
DA:122,0
DA:123,0
DA:124,0
DA:125,0
DA:126,0
DA:127,0
DA:128,0
DA:129,0
DA:130,0
DA:136,0
DA:137,0
DA:142,0
DA:148,0
DA:151,0
DA:152,0
DA:155,0
DA:156,0
DA:160,0
DA:163,0
DA:164,0
DA:168,0
DA:169,0
DA:170,0
DA:171,0
DA:172,0
DA:173,0
DA:174,0
DA:175,0
DA:178,0
DA:179,0
LF:72
LH:0
end_of_record
SF:lib/providers/repository/text_message_repository.g.dart
DA:9,0
DA:14,6
LF:2
LH:1
end_of_record
SF:lib/providers/services/text_message_receiver_service.dart
DA:21,0
DA:25,0
DA:26,0
DA:27,0
DA:28,0
DA:30,0
DA:32,0
DA:33,0
DA:34,0
DA:35,0
DA:42,0
DA:47,1
DA:61,4
DA:67,1
DA:81,1
DA:82,4
DA:83,3
DA:86,1
DA:90,3
DA:91,4
DA:93,0
DA:94,1
DA:96,1
DA:97,1
DA:98,3
DA:99,3
DA:100,3
DA:102,1
DA:103,1
DA:104,5
DA:108,1
DA:109,1
DA:110,1
DA:111,2
DA:112,1
DA:113,1
DA:114,1
DA:115,2
DA:116,1
DA:117,1
DA:118,1
DA:119,1
DA:121,4
DA:122,1
DA:126,1
DA:130,2
DA:131,2
DA:132,3
DA:133,2
DA:134,1
DA:135,1
DA:136,2
LF:52
LH:40
end_of_record
SF:lib/providers/services/text_message_receiver_service.g.dart
DA:9,0
DA:14,0
DA:15,0
LF:3
LH:0
end_of_record
SF:lib/providers/services/text_message_stream_service.dart
DA:16,0
DA:21,0
DA:24,0
DA:25,0
DA:26,0
DA:27,0
DA:32,1
DA:43,1
DA:44,1
DA:45,4
DA:56,1
DA:57,2
DA:58,3
DA:59,1
DA:60,2
DA:61,2
DA:64,4
DA:66,2
DA:71,5
DA:72,3
DA:77,1
DA:78,2
DA:81,1
DA:84,1
DA:85,1
DA:86,2
DA:87,1
DA:88,2
DA:89,2
DA:91,1
DA:92,2
DA:94,2
DA:98,3
DA:101,1
DA:102,2
DA:103,1
DA:104,3
DA:105,1
DA:106,2
DA:107,2
DA:111,3
DA:113,2
DA:118,2
DA:120,1
DA:122,5
DA:123,3
DA:126,1
DA:127,2
DA:128,1
DA:129,1
DA:131,3
DA:134,1
DA:135,2
DA:136,1
DA:137,1
DA:139,3
DA:142,3
DA:144,1
DA:145,2
DA:146,2
DA:147,0
DA:148,3
DA:149,1
DA:150,4
LF:64
LH:57
end_of_record
SF:lib/providers/services/text_message_stream_service.g.dart
DA:9,0
DA:14,0
DA:16,1
DA:18,2
DA:20,4
DA:21,2
DA:24,1
DA:26,4
DA:28,2
DA:29,4
DA:40,5
DA:43,1
DA:46,1
DA:51,0
DA:55,0
DA:56,0
DA:62,0
DA:67,0
DA:71,0
DA:79,1
DA:81,1
DA:82,0
DA:98,1
DA:106,1
DA:110,1
DA:115,1
DA:117,1
DA:118,2
DA:119,1
DA:124,1
DA:129,1
DA:131,1
DA:134,1
DA:136,1
DA:137,3
DA:140,1
DA:142,3
DA:143,3
DA:145,1
DA:158,1
DA:160,0
DA:162,0
LF:42
LH:31
end_of_record
SF:lib/providers/repository/sqflite.g.dart
DA:9,0
DA:13,0
LF:2
LH:0
end_of_record
SF:lib/providers/repository/sqflite.dart
DA:9,0
DA:13,0
DA:14,0
DA:15,0
DA:16,0
LF:5
LH:0
end_of_record
SF:lib/providers/services/text_message_status_service.g.dart
DA:9,2
DA:14,0
DA:16,2
DA:18,4
DA:20,8
DA:21,4
DA:24,2
DA:26,8
DA:28,4
DA:29,8
DA:52,6
DA:55,2
DA:59,2
DA:65,0
DA:69,0
DA:70,0
DA:71,0
DA:77,0
DA:82,0
DA:86,0
DA:95,2
DA:98,2
DA:99,4
DA:100,2
DA:101,2
DA:115,2
DA:124,2
DA:129,2
DA:133,2
DA:134,2
DA:135,2
DA:139,0
DA:141,0
DA:143,0
DA:144,0
DA:145,0
DA:146,0
DA:147,0
DA:152,0
DA:153,0
DA:158,2
DA:161,2
DA:164,2
DA:166,2
DA:167,6
DA:168,6
DA:171,2
DA:173,6
DA:174,6
DA:175,6
DA:177,2
DA:193,2
DA:195,0
DA:196,0
DA:197,0
DA:198,0
LF:56
LH:35
end_of_record
SF:lib/providers/services/text_message_status_service.dart
DA:25,2
DA:30,8
DA:31,8
DA:32,2
DA:33,1
DA:34,4
DA:36,3
DA:37,2
DA:40,3
DA:41,1
DA:42,1
DA:44,2
DA:47,1
DA:48,3
DA:49,2
DA:50,2
DA:51,1
DA:52,2
DA:53,1
DA:57,4
DA:60,1
DA:61,5
DA:62,2
DA:63,2
DA:64,3
DA:65,2
DA:66,1
DA:67,1
DA:68,1
DA:71,2
DA:72,2
DA:73,1
DA:76,2
DA:77,2
DA:78,2
DA:80,0
DA:81,0
DA:82,0
DA:83,0
DA:88,5
LF:40
LH:36
end_of_record
SF:lib/models/radio_configuration.dart
DA:22,7
LF:1
LH:1
end_of_record
SF:lib/protobufs/generated/meshtastic/admin.pb.dart
DA:70,1
DA:107,1
DA:109,0
DA:112,0
DA:115,0
DA:118,0
DA:121,0
DA:124,0
DA:127,0
DA:130,0
DA:133,0
DA:137,0
DA:141,0
DA:144,0
DA:147,0
DA:150,0
DA:153,0
DA:157,0
DA:161,0
DA:164,0
DA:168,0
DA:172,0
DA:175,0
DA:178,1
DA:181,1
DA:184,0
DA:187,0
DA:190,0
DA:193,0
DA:196,0
DA:199,0
DA:202,0
DA:205,0
DA:208,0
DA:211,0
DA:214,0
DA:217,0
DA:222,2
DA:224,1
DA:226,2
DA:228,0
DA:230,0
DA:271,3
DA:275,2
DA:312,1
DA:314,1
DA:316,1
DA:317,1
DA:319,1
DA:324,1
DA:326,1
DA:331,1
DA:333,1
DA:334,1
DA:335,1
DA:336,1
DA:339,1
DA:340,1
DA:341,1
DA:342,1
DA:345,1
DA:347,1
DA:348,1
DA:351,1
DA:352,1
DA:354,1
DA:356,1
DA:358,1
DA:360,1
DA:361,1
DA:362,1
DA:364,1
DA:365,1
DA:366,1
DA:368,1
DA:369,1
DA:371,1
DA:373,1
DA:375,1
DA:377,1
DA:379,0
DA:382,0
DA:384,0
DA:388,0
DA:391,2
DA:393,1
DA:394,1
DA:396,0
DA:398,0
DA:399,0
DA:401,0
DA:403,0
DA:406,0
DA:407,0
DA:409,0
DA:414,0
DA:415,0
DA:417,0
DA:419,0
DA:422,0
DA:423,0
DA:425,0
DA:426,0
DA:430,0
DA:431,0
DA:433,0
DA:435,0
DA:438,0
DA:439,0
DA:441,0
DA:442,0
DA:444,0
DA:445,0
DA:449,0
DA:450,0
DA:452,0
DA:454,0
DA:457,0
DA:458,0
DA:460,0
DA:461,0
DA:465,0
DA:466,0
DA:468,0
DA:470,0
DA:473,0
DA:474,0
DA:476,0
DA:477,0
DA:479,0
DA:480,0
DA:484,0
DA:485,0
DA:487,0
DA:489,0
DA:492,0
DA:493,0
DA:495,0
DA:496,0
DA:500,0
DA:501,0
DA:503,0
DA:505,0
DA:508,0
DA:509,0
DA:511,0
DA:512,0
DA:514,0
DA:515,0
DA:519,0
DA:520,0
DA:522,0
DA:524,0
DA:527,0
DA:528,0
DA:530,0
DA:531,0
DA:535,0
DA:536,0
DA:538,0
DA:540,0
DA:543,0
DA:544,0
DA:546,0
DA:547,0
DA:549,0
DA:550,0
DA:554,0
DA:555,0
DA:557,0
DA:559,0
DA:562,0
DA:563,0
DA:565,0
DA:566,0
DA:570,0
DA:571,0
DA:573,0
DA:575,0
DA:578,0
DA:579,0
DA:581,0
DA:582,0
DA:586,0
DA:587,0
DA:589,0
DA:591,0
DA:594,0
DA:595,0
DA:597,0
DA:598,0
DA:602,0
DA:603,0
DA:605,0
DA:607,0
DA:610,0
DA:611,0
DA:613,0
DA:614,0
DA:616,0
DA:617,0
DA:621,0
DA:622,0
DA:624,0
DA:626,0
DA:629,0
DA:630,0
DA:632,0
DA:633,0
DA:637,0
DA:638,0
DA:640,0
DA:642,0
DA:645,0
DA:646,0
DA:648,0
DA:649,0
DA:653,0
DA:654,0
DA:656,0
DA:658,0
DA:661,0
DA:662,0
DA:664,0
DA:665,0
DA:669,0
DA:670,0
DA:672,0
DA:674,0
DA:677,0
DA:678,0
DA:680,0
DA:681,0
DA:683,0
DA:685,0
DA:689,0
DA:690,0
DA:692,0
DA:694,0
DA:697,0
DA:698,0
DA:700,0
DA:701,0
DA:703,0
DA:704,0
DA:708,0
DA:709,0
DA:711,0
DA:713,0
DA:716,0
DA:717,0
DA:719,0
DA:720,0
DA:724,0
DA:726,0
DA:728,0
DA:730,0
DA:733,0
DA:734,0
DA:736,0
DA:737,0
DA:739,0
DA:741,0
DA:746,0
DA:747,0
DA:749,0
DA:751,0
DA:754,0
DA:755,0
DA:757,0
DA:758,0
DA:762,0
DA:763,0
DA:765,0
DA:767,0
DA:770,0
DA:771,0
DA:773,0
DA:774,0
DA:776,0
DA:777,0
DA:785,1
DA:786,1
DA:788,1
DA:790,1
DA:793,0
DA:794,0
DA:796,0
DA:797,0
DA:799,0
DA:800,0
DA:804,1
DA:805,1
DA:807,1
DA:809,1
DA:812,0
DA:813,0
DA:815,0
DA:816,0
DA:818,0
DA:819,0
DA:823,0
DA:824,0
DA:826,0
DA:828,0
DA:831,0
DA:832,0
DA:834,0
DA:835,0
DA:837,0
DA:838,0
DA:842,0
DA:843,0
DA:845,0
DA:847,0
DA:850,0
DA:851,0
DA:853,0
DA:854,0
DA:858,0
DA:859,0
DA:861,0
DA:863,0
DA:866,0
DA:867,0
DA:869,0
DA:870,0
DA:874,0
DA:875,0
DA:877,0
DA:879,0
DA:882,0
DA:883,0
DA:885,0
DA:886,0
DA:891,0
DA:892,0
DA:894,0
DA:896,0
DA:899,0
DA:900,0
DA:902,0
DA:903,0
DA:907,0
DA:908,0
DA:910,0
DA:912,0
DA:915,0
DA:916,0
DA:918,0
DA:919,0
DA:924,0
DA:925,0
DA:927,0
DA:929,0
DA:932,0
DA:933,0
DA:935,0
DA:936,0
DA:941,0
DA:942,0
DA:944,0
DA:946,0
DA:949,0
DA:950,0
DA:952,0
DA:953,0
DA:957,0
DA:958,0
DA:960,0
DA:962,0
DA:965,0
DA:966,0
DA:968,0
DA:969,0
DA:973,0
DA:974,0
DA:976,0
DA:978,0
DA:981,0
DA:982,0
DA:984,0
DA:985,0
DA:989,0
DA:990,0
DA:992,0
DA:994,0
DA:997,0
DA:998,0
DA:1000,0
DA:1001,0
DA:1005,0
DA:1006,0
DA:1008,0
DA:1010,0
DA:1013,0
DA:1014,0
DA:1016,0
DA:1017,0
DA:1023,0
DA:1029,0
DA:1031,0
DA:1034,0
DA:1037,0
DA:1040,0
DA:1045,0
DA:1047,0
DA:1049,0
DA:1051,0
DA:1053,0
DA:1055,0
DA:1059,0
DA:1060,0
DA:1061,0
DA:1062,0
DA:1063,0
DA:1065,0
DA:1068,0
DA:1070,0
DA:1074,0
DA:1077,0
DA:1079,0
DA:1080,0
DA:1082,0
DA:1084,0
DA:1085,0
DA:1087,0
DA:1089,0
DA:1094,0
DA:1095,0
DA:1097,0
DA:1099,0
DA:1102,0
DA:1103,0
DA:1105,0
DA:1106,0
DA:1110,0
DA:1111,0
DA:1113,0
DA:1115,0
DA:1118,0
DA:1119,0
DA:1121,0
DA:1122,0
DA:1128,0
DA:1129,0
DA:1131,0
DA:1133,0
DA:1136,0
DA:1137,0
DA:1139,0
DA:1140,0
DA:1144,0
DA:1145,0
DA:1147,0
DA:1149,0
DA:1152,0
DA:1153,0
DA:1155,0
DA:1156,0
DA:1162,0
DA:1165,0
DA:1167,0
DA:1172,0
DA:1174,0
DA:1176,0
DA:1178,0
DA:1180,0
DA:1182,0
DA:1186,0
DA:1189,0
DA:1191,0
DA:1195,0
DA:1197,0
DA:1202,0
DA:1203,0
DA:1206,0
DA:1208,0
DA:1210,0
DA:1212,0
DA:1214,0
DA:1215,0
DA:1217,0
DA:1219,0
DA:1224,0
DA:1226,0
LF:486
LH:56
end_of_record
SF:lib/protobufs/generated/meshtastic/admin.pbenum.dart
DA:45,0
DA:46,0
DA:48,0
DA:50,5
DA:110,0
DA:111,0
DA:113,0
DA:114,0
DA:116,5
DA:117,0
LF:10
LH:2
end_of_record
SF:lib/protobufs/generated/meshtastic/connection_status.pb.dart
DA:17,0
DA:23,0
DA:25,0
DA:28,0
DA:31,0
DA:34,0
DA:39,0
DA:41,0
DA:43,0
DA:45,0
DA:47,0
DA:49,0
DA:53,0
DA:55,0
DA:57,0
DA:59,0
DA:61,0
DA:63,0
DA:67,0
DA:69,0
DA:74,0
DA:77,0
DA:79,0
DA:80,0
DA:82,0
DA:84,0
DA:85,0
DA:87,0
DA:89,0
DA:94,0
DA:95,0
DA:97,0
DA:99,0
DA:102,0
DA:103,0
DA:105,0
DA:106,0
DA:108,0
DA:109,0
DA:113,0
DA:114,0
DA:116,0
DA:118,0
DA:121,0
DA:122,0
DA:124,0
DA:125,0
DA:127,0
DA:128,0
DA:132,0
DA:133,0
DA:135,0
DA:137,0
DA:140,0
DA:141,0
DA:143,0
DA:144,0
DA:146,0
DA:147,0
DA:151,0
DA:152,0
DA:154,0
DA:156,0
DA:159,0
DA:160,0
DA:162,0
DA:163,0
DA:165,0
DA:166,0
DA:172,0
DA:177,0
DA:179,0
DA:182,0
DA:185,0
DA:190,0
DA:192,0
DA:194,0
DA:196,0
DA:198,0
DA:200,0
DA:204,0
DA:206,0
DA:207,0
DA:208,0
DA:210,0
DA:214,0
DA:216,0
DA:220,0
DA:223,0
DA:225,0
DA:226,0
DA:228,0
DA:230,0
DA:231,0
DA:233,0
DA:235,0
DA:240,0
DA:241,0
DA:243,0
DA:245,0
DA:248,0
DA:249,0
DA:251,0
DA:252,0
DA:254,0
DA:255,0
DA:259,0
DA:260,0
DA:262,0
DA:264,0
DA:267,0
DA:268,0
DA:270,0
DA:271,0
DA:275,0
DA:276,0
DA:278,0
DA:280,0
DA:283,0
DA:284,0
DA:286,0
DA:287,0
DA:293,0
DA:296,0
DA:298,0
DA:303,0
DA:305,0
DA:307,0
DA:309,0
DA:311,0
DA:313,0
DA:317,0
DA:319,0
DA:321,0
DA:325,0
DA:327,0
DA:332,0
DA:335,0
DA:337,0
DA:338,0
DA:340,0
DA:342,0
DA:343,0
DA:345,0
DA:347,0
DA:352,0
DA:353,0
DA:355,0
DA:357,0
DA:360,0
DA:361,0
DA:363,0
DA:364,0
DA:366,0
DA:367,0
DA:373,0
DA:379,0
DA:381,0
DA:384,0
DA:387,0
DA:390,0
DA:395,0
DA:397,0
DA:399,0
DA:401,0
DA:403,0
DA:405,0
DA:409,0
DA:410,0
DA:411,0
DA:412,0
DA:413,0
DA:415,0
DA:419,0
DA:421,0
DA:426,0
DA:429,0
DA:431,0
DA:432,0
DA:434,0
DA:436,0
DA:437,0
DA:439,0
DA:441,0
DA:446,0
DA:447,0
DA:449,0
DA:451,0
DA:454,0
DA:455,0
DA:457,0
DA:458,0
DA:462,0
DA:463,0
DA:465,0
DA:467,0
DA:470,0
DA:471,0
DA:473,0
DA:474,0
DA:478,0
DA:479,0
DA:481,0
DA:483,0
DA:486,0
DA:487,0
DA:489,0
DA:490,0
DA:494,0
DA:495,0
DA:497,0
DA:499,0
DA:502,0
DA:503,0
DA:505,0
DA:506,0
DA:512,0
DA:517,0
DA:519,0
DA:522,0
DA:525,0
DA:530,0
DA:532,0
DA:534,0
DA:536,0
DA:538,0
DA:540,0
DA:544,0
DA:545,0
DA:546,0
DA:547,0
DA:549,0
DA:553,0
DA:555,0
DA:560,0
DA:563,0
DA:565,0
DA:566,0
DA:568,0
DA:570,0
DA:571,0
DA:573,0
DA:575,0
DA:580,0
DA:581,0
DA:583,0
DA:585,0
DA:588,0
DA:589,0
DA:591,0
DA:592,0
DA:596,0
DA:597,0
DA:599,0
DA:601,0
DA:604,0
DA:605,0
DA:607,0
DA:608,0
DA:612,0
DA:613,0
DA:615,0
DA:617,0
DA:620,0
DA:621,0
DA:623,0
DA:624,0
DA:630,0
DA:634,0
DA:636,0
DA:639,0
DA:644,0
DA:646,0
DA:648,0
DA:650,0
DA:652,0
DA:654,0
DA:658,0
DA:659,0
DA:660,0
DA:662,0
DA:666,0
DA:668,0
DA:673,0
DA:676,0
DA:678,0
DA:679,0
DA:681,0
DA:683,0
DA:684,0
DA:686,0
DA:688,0
DA:693,0
DA:694,0
DA:696,0
DA:698,0
DA:701,0
DA:702,0
DA:704,0
DA:705,0
DA:709,0
DA:710,0
DA:712,0
DA:714,0
DA:717,0
DA:718,0
DA:720,0
DA:721,0
LF:308
LH:0
end_of_record
SF:lib/protobufs/generated/meshtastic/deviceonly.pb.dart
DA:33,0
DA:45,0
DA:47,0
DA:50,0
DA:53,0
DA:56,0
DA:59,0
DA:62,0
DA:65,0
DA:68,0
DA:71,0
DA:74,0
DA:79,0
DA:81,0
DA:83,0
DA:85,0
DA:87,0
DA:89,0
DA:93,0
DA:95,0
DA:97,0
DA:100,0
DA:102,0
DA:103,0
DA:104,0
DA:105,0
DA:107,0
DA:110,0
DA:113,0
DA:115,0
DA:118,0
DA:120,0
DA:124,0
DA:127,0
DA:129,0
DA:130,0
DA:132,0
DA:134,0
DA:136,0
DA:138,0
DA:143,0
DA:144,0
DA:146,0
DA:148,0
DA:151,0
DA:152,0
DA:154,0
DA:155,0
DA:157,0
DA:158,0
DA:162,0
DA:163,0
DA:165,0
DA:167,0
DA:170,0
DA:171,0
DA:173,0
DA:174,0
DA:176,0
DA:177,0
DA:181,0
DA:182,0
DA:188,0
DA:189,0
DA:191,0
DA:193,0
DA:196,0
DA:197,0
DA:199,0
DA:200,0
DA:202,0
DA:203,0
DA:209,0
DA:210,0
DA:212,0
DA:214,0
DA:217,0
DA:218,0
DA:220,0
DA:221,0
DA:226,0
DA:227,0
DA:229,0
DA:231,0
DA:234,0
DA:235,0
DA:237,0
DA:238,0
DA:242,0
DA:243,0
DA:245,0
DA:247,0
DA:250,0
DA:251,0
DA:253,0
DA:254,0
DA:260,0
DA:261,0
DA:263,0
DA:265,0
DA:268,0
DA:269,0
DA:271,0
DA:272,0
DA:274,0
DA:275,0
DA:279,0
DA:280,0
DA:284,0
DA:285,0
DA:289,0
DA:298,0
DA:300,0
DA:303,0
DA:306,0
DA:309,0
DA:312,0
DA:315,0
DA:318,0
DA:323,0
DA:325,0
DA:327,0
DA:329,0
DA:331,0
DA:333,0
DA:337,0
DA:338,0
DA:339,0
DA:341,0
DA:342,0
DA:343,0
DA:345,0
DA:346,0
DA:348,0
DA:351,0
DA:353,0
DA:357,0
DA:360,0
DA:362,0
DA:363,0
DA:365,0
DA:367,0
DA:368,0
DA:370,0
DA:372,0
DA:377,0
DA:378,0
DA:380,0
DA:382,0
DA:385,0
DA:386,0
DA:388,0
DA:389,0
DA:393,0
DA:394,0
DA:396,0
DA:398,0
DA:401,0
DA:402,0
DA:404,0
DA:405,0
DA:407,0
DA:408,0
DA:413,0
DA:414,0
DA:416,0
DA:418,0
DA:421,0
DA:422,0
DA:424,0
DA:425,0
DA:427,0
DA:428,0
DA:433,0
DA:434,0
DA:436,0
DA:438,0
DA:441,0
DA:442,0
DA:444,0
DA:445,0
DA:449,0
DA:450,0
DA:452,0
DA:454,0
DA:457,0
DA:458,0
DA:460,0
DA:461,0
DA:465,0
DA:466,0
DA:468,0
DA:470,0
DA:473,0
DA:474,0
DA:476,0
DA:477,0
DA:479,0
DA:480,0
DA:484,0
DA:485,0
DA:487,0
DA:489,0
DA:492,0
DA:493,0
DA:495,0
DA:496,0
DA:502,0
DA:509,0
DA:511,0
DA:514,0
DA:517,0
DA:520,0
DA:523,0
DA:528,0
DA:530,0
DA:532,0
DA:534,0
DA:536,0
DA:538,0
DA:542,0
DA:543,0
DA:544,0
DA:545,0
DA:546,0
DA:551,0
DA:553,0
DA:556,0
DA:558,0
DA:562,0
DA:565,0
DA:567,0
DA:568,0
DA:570,0
DA:572,0
DA:573,0
DA:575,0
DA:577,0
DA:583,0
DA:584,0
DA:586,0
DA:588,0
DA:591,0
DA:592,0
DA:594,0
DA:595,0
DA:599,0
DA:600,0
DA:602,0
DA:604,0
DA:607,0
DA:608,0
DA:610,0
DA:611,0
DA:615,0
DA:616,0
DA:618,0
DA:620,0
DA:623,0
DA:624,0
DA:626,0
DA:627,0
DA:635,0
DA:636,0
DA:638,0
DA:640,0
DA:643,0
DA:644,0
DA:646,0
DA:647,0
DA:651,0
DA:652,0
DA:654,0
DA:656,0
DA:659,0
DA:660,0
DA:662,0
DA:663,0
DA:669,0
DA:673,0
DA:675,0
DA:678,0
DA:683,0
DA:685,0
DA:687,0
DA:689,0
DA:691,0
DA:693,0
DA:697,0
DA:699,0
DA:700,0
DA:702,0
DA:705,0
DA:707,0
DA:711,0
DA:714,0
DA:716,0
DA:717,0
DA:719,0
DA:721,0
DA:723,0
DA:725,0
DA:730,0
DA:731,0
DA:737,0
DA:738,0
DA:740,0
DA:742,0
DA:745,0
DA:746,0
DA:748,0
DA:749,0
DA:756,0
DA:766,0
DA:768,0
DA:771,0
DA:774,0
DA:777,0
DA:780,0
DA:783,0
DA:786,0
DA:789,0
DA:794,0
DA:796,0
DA:798,0
DA:800,0
DA:802,0
DA:804,0
DA:808,0
DA:810,0
DA:812,0
DA:814,0
DA:818,0
DA:819,0
DA:821,0
DA:823,0
DA:826,0
DA:828,0
DA:831,0
DA:833,0
DA:837,0
DA:839,0
DA:841,0
DA:842,0
DA:844,0
DA:846,0
DA:848,0
DA:850,0
DA:855,0
DA:856,0
DA:858,0
DA:860,0
DA:863,0
DA:864,0
DA:866,0
DA:867,0
DA:871,0
DA:872,0
DA:874,0
DA:876,0
DA:879,0
DA:880,0
DA:882,0
DA:883,0
DA:887,0
DA:888,0
DA:890,0
DA:892,0
DA:895,0
DA:896,0
DA:898,0
DA:899,0
DA:903,0
DA:904,0
DA:906,0
DA:908,0
DA:911,0
DA:912,0
DA:914,0
DA:915,0
DA:919,0
DA:920,0
DA:922,0
DA:924,0
DA:927,0
DA:928,0
DA:930,0
DA:931,0
DA:935,0
DA:936,0
DA:938,0
DA:940,0
DA:943,0
DA:944,0
DA:946,0
DA:947,0
DA:951,0
DA:952,0
DA:954,0
DA:956,0
DA:959,0
DA:960,0
DA:962,0
DA:963,0
DA:965,0
DA:966,0
DA:970,0
DA:971,0
DA:973,0
DA:975,0
DA:978,0
DA:979,0
DA:981,0
DA:982,0
DA:984,0
DA:985,0
DA:991,0
DA:995,0
DA:997,0
DA:1000,0
DA:1005,0
DA:1007,0
DA:1009,0
DA:1011,0
DA:1013,0
DA:1015,0
DA:1019,0
DA:1020,0
DA:1022,0
DA:1024,0
DA:1028,0
DA:1030,0
DA:1035,0
DA:1038,0
DA:1040,0
DA:1041,0
DA:1043,0
DA:1045,0
DA:1046,0
DA:1048,0
DA:1050,0
DA:1055,0
DA:1056,0
DA:1058,0
DA:1060,0
DA:1063,0
DA:1064,0
DA:1066,0
DA:1067,0
DA:1071,0
DA:1072,0
DA:1074,0
DA:1076,0
DA:1079,0
DA:1080,0
DA:1082,0
DA:1083,0
DA:1085,0
DA:1086,0
LF:459
LH:0
end_of_record
SF:lib/protobufs/generated/meshtastic/deviceonly.pbenum.dart
DA:32,0
DA:33,0
DA:35,0
DA:37,5
LF:4
LH:1
end_of_record
SF:lib/protobufs/generated/meshtastic/localonly.pb.dart
DA:20,0
DA:30,0
DA:32,0
DA:35,0
DA:38,0
DA:41,0
DA:44,0
DA:47,0
DA:50,0
DA:53,0
DA:58,0
DA:60,0
DA:62,0
DA:64,0
DA:66,0
DA:68,0
DA:72,0
DA:74,0
DA:76,0
DA:78,0
DA:80,0
DA:82,0
DA:84,0
DA:86,0
DA:87,0
DA:89,0
DA:92,0
DA:94,0
DA:98,0
DA:101,0
DA:103,0
DA:104,0
DA:106,0
DA:108,0
DA:110,0
DA:112,0
DA:117,0
DA:118,0
DA:120,0
DA:122,0
DA:125,0
DA:126,0
DA:128,0
DA:129,0
DA:131,0
DA:132,0
DA:136,0
DA:137,0
DA:139,0
DA:141,0
DA:144,0
DA:145,0
DA:147,0
DA:148,0
DA:150,0
DA:151,0
DA:155,0
DA:156,0
DA:158,0
DA:160,0
DA:163,0
DA:164,0
DA:166,0
DA:167,0
DA:169,0
DA:170,0
DA:174,0
DA:175,0
DA:177,0
DA:179,0
DA:182,0
DA:183,0
DA:185,0
DA:186,0
DA:188,0
DA:189,0
DA:193,0
DA:194,0
DA:196,0
DA:198,0
DA:201,0
DA:202,0
DA:204,0
DA:205,0
DA:207,0
DA:208,0
DA:212,0
DA:213,0
DA:215,0
DA:217,0
DA:220,0
DA:221,0
DA:223,0
DA:224,0
DA:226,0
DA:227,0
DA:231,0
DA:232,0
DA:234,0
DA:236,0
DA:239,0
DA:240,0
DA:242,0
DA:243,0
DA:245,0
DA:246,0
DA:252,0
DA:253,0
DA:255,0
DA:257,0
DA:260,0
DA:261,0
DA:263,0
DA:264,0
DA:268,0
DA:284,0
DA:286,0
DA:289,0
DA:292,0
DA:295,0
DA:298,0
DA:301,0
DA:304,0
DA:307,0
DA:310,0
DA:313,0
DA:316,0
DA:319,0
DA:322,0
DA:325,0
DA:330,0
DA:332,0
DA:334,0
DA:336,0
DA:338,0
DA:340,0
DA:344,0
DA:346,0
DA:348,0
DA:351,0
DA:354,0
DA:357,0
DA:360,0
DA:363,0
DA:364,0
DA:366,0
DA:369,0
DA:372,0
DA:375,0
DA:378,0
DA:381,0
DA:383,0
DA:386,0
DA:388,0
DA:392,0
DA:395,0
DA:397,0
DA:398,0
DA:400,0
DA:402,0
DA:403,0
DA:405,0
DA:407,0
DA:412,0
DA:413,0
DA:415,0
DA:417,0
DA:420,0
DA:421,0
DA:423,0
DA:424,0
DA:426,0
DA:427,0
DA:431,0
DA:432,0
DA:434,0
DA:436,0
DA:439,0
DA:440,0
DA:442,0
DA:443,0
DA:445,0
DA:446,0
DA:450,0
DA:452,0
DA:454,0
DA:456,0
DA:459,0
DA:460,0
DA:462,0
DA:463,0
DA:465,0
DA:467,0
DA:471,0
DA:472,0
DA:474,0
DA:476,0
DA:479,0
DA:480,0
DA:482,0
DA:483,0
DA:485,0
DA:486,0
DA:490,0
DA:491,0
DA:493,0
DA:495,0
DA:498,0
DA:499,0
DA:501,0
DA:502,0
DA:504,0
DA:505,0
DA:509,0
DA:510,0
DA:512,0
DA:514,0
DA:517,0
DA:518,0
DA:520,0
DA:521,0
DA:523,0
DA:524,0
DA:528,0
DA:529,0
DA:531,0
DA:533,0
DA:536,0
DA:537,0
DA:539,0
DA:540,0
DA:542,0
DA:543,0
DA:549,0
DA:550,0
DA:552,0
DA:554,0
DA:557,0
DA:558,0
DA:560,0
DA:561,0
DA:565,0
DA:566,0
DA:568,0
DA:570,0
DA:573,0
DA:574,0
DA:576,0
DA:577,0
DA:579,0
DA:580,0
DA:584,0
DA:585,0
DA:587,0
DA:589,0
DA:592,0
DA:593,0
DA:595,0
DA:596,0
DA:598,0
DA:599,0
DA:603,0
DA:604,0
DA:606,0
DA:608,0
DA:611,0
DA:612,0
DA:614,0
DA:615,0
DA:617,0
DA:618,0
DA:622,0
DA:623,0
DA:625,0
DA:627,0
DA:630,0
DA:631,0
DA:633,0
DA:634,0
DA:636,0
DA:637,0
DA:641,0
DA:642,0
DA:644,0
DA:646,0
DA:649,0
DA:650,0
DA:652,0
DA:653,0
DA:655,0
DA:656,0
DA:660,0
DA:661,0
DA:663,0
DA:665,0
DA:668,0
DA:669,0
DA:671,0
DA:672,0
DA:674,0
DA:675,0
LF:301
LH:0
end_of_record
SF:lib/providers/notifications/notifications.g.dart
DA:9,0
DA:14,0
DA:15,0
DA:27,0
DA:31,0
DA:33,0
DA:35,0
DA:37,0
DA:38,0
DA:41,0
DA:43,0
DA:45,0
DA:46,0
DA:57,5
DA:60,0
DA:65,0
DA:72,0
DA:76,0
DA:77,0
DA:78,0
DA:79,0
DA:85,0
DA:90,0
DA:94,0
DA:101,0
DA:105,0
DA:106,0
DA:126,0
DA:136,0
DA:142,0
DA:146,0
DA:148,0
DA:149,0
DA:150,0
DA:155,0
DA:156,0
DA:157,0
DA:162,0
DA:164,0
DA:167,0
DA:169,0
DA:170,0
DA:171,0
DA:172,0
DA:175,0
DA:177,0
DA:178,0
DA:179,0
DA:180,0
DA:182,0
DA:199,0
DA:201,0
DA:202,0
DA:203,0
DA:204,0
DA:205,0
DA:207,0
LF:57
LH:1
end_of_record
SF:lib/providers/notifications/notifications.dart
DA:6,0
DA:10,0
DA:12,0
DA:14,0
DA:25,0
DA:30,0
DA:38,0
DA:56,0
LF:8
LH:0
end_of_record
SF:lib/providers/services/radio_config_service.dart
DA:16,0
DA:17,0
DA:20,2
DA:22,8
DA:27,0
DA:31,0
DA:33,0
DA:34,0
DA:40,0
DA:44,0
DA:47,2
DA:48,8
DA:51,0
DA:55,0
DA:58,0
DA:62,0
DA:65,0
DA:69,0
DA:72,0
DA:73,0
DA:76,0
DA:77,0
LF:22
LH:4
end_of_record
SF:lib/providers/services/radio_config_service.g.dart
DA:9,2
DA:14,4
DA:15,2
LF:3
LH:3
end_of_record
SF:lib/providers/services/radio_config_uploader_service.dart
DA:11,2
DA:15,2
DA:16,4
DA:21,2
DA:28,0
DA:32,0
DA:33,0
DA:34,0
DA:45,0
DA:47,0
DA:50,0
LF:11
LH:4
end_of_record
SF:lib/providers/services/radio_config_uploader_service.g.dart
DA:9,2
DA:14,4
DA:15,2
LF:3
LH:3
end_of_record
SF:lib/providers/services/text_message_sender_service.g.dart
DA:9,1
DA:13,0
DA:15,1
DA:17,2
DA:19,4
DA:20,2
DA:23,1
DA:25,4
DA:27,2
DA:28,4
DA:39,1
DA:42,1
DA:46,1
DA:52,0
DA:56,0
DA:57,0
DA:58,0
DA:64,0
DA:69,0
DA:73,0
DA:80,1
DA:83,1
DA:84,2
DA:102,1
DA:111,1
DA:116,0
DA:120,0
DA:122,0
DA:123,0
DA:124,0
DA:129,0
DA:130,0
DA:135,1
DA:137,1
DA:140,1
DA:142,1
DA:143,3
DA:144,3
DA:147,1
DA:149,3
DA:150,3
DA:151,3
DA:153,1
DA:167,1
DA:169,0
DA:170,0
DA:171,0
DA:172,0
LF:48
LH:29
end_of_record
SF:lib/providers/services/text_message_sender_service.dart
DA:17,1
DA:23,2
DA:25,5
DA:26,2
DA:28,2
DA:30,1
DA:33,1
DA:34,1
DA:35,1
DA:38,1
DA:39,1
DA:40,1
DA:43,1
DA:45,2
DA:46,1
DA:47,1
DA:49,2
LF:17
LH:17
end_of_record
SF:lib/providers/services/radio_config_downloader_service.dart
DA:16,0
DA:20,0
DA:21,0
DA:22,0
DA:25,0
DA:26,0
DA:27,0
DA:28,0
DA:30,0
DA:31,0
DA:32,0
DA:37,1
DA:47,2
DA:48,1
DA:49,3
DA:50,1
DA:52,4
DA:53,2
DA:64,1
DA:65,2
DA:68,1
DA:69,2
DA:70,2
DA:72,2
DA:75,1
DA:76,1
DA:77,0
DA:78,1
DA:79,2
DA:80,1
DA:81,2
DA:82,1
DA:83,2
DA:89,1
DA:90,2
DA:91,3
DA:94,1
DA:95,1
DA:96,1
DA:97,1
DA:98,3
DA:99,3
DA:103,1
DA:104,2
DA:105,0
DA:107,3
DA:110,1
DA:111,3
DA:112,3
DA:113,3
DA:114,2
LF:51
LH:38
end_of_record
SF:lib/providers/services/radio_config_downloader_service.g.dart
DA:9,0
DA:14,0
DA:15,0
LF:3
LH:0
end_of_record
SF:lib/providers/services/channel_service.dart
DA:27,1
DA:29,1
DA:30,2
DA:31,1
DA:32,2
DA:34,4
DA:35,2
DA:36,5
DA:38,3
DA:39,1
DA:41,2
DA:45,1
DA:46,2
DA:47,1
DA:48,2
DA:51,3
DA:52,5
DA:53,2
DA:54,1
DA:56,2
DA:58,2
DA:59,3
DA:60,1
DA:61,4
DA:63,2
DA:67,1
DA:68,1
DA:71,1
DA:72,1
DA:76,1
DA:77,2
DA:81,2
DA:82,1
DA:83,2
DA:85,1
DA:86,2
DA:88,2
DA:89,1
DA:90,1
DA:91,1
DA:94,1
DA:98,1
DA:99,1
DA:101,1
DA:107,2
DA:108,1
DA:110,1
DA:115,3
DA:116,2
DA:117,1
DA:119,1
LF:51
LH:51
end_of_record
SF:lib/providers/services/channel_service.g.dart
DA:9,1
DA:13,2
DA:14,1
LF:3
LH:3
end_of_record
SF:lib/models/mesh_channel.dart
DA:2,1
LF:1
LH:1
end_of_record
SF:lib/protobufs/generated/meshtastic/apponly.pb.dart
DA:26,0
DA:30,0
DA:32,0
DA:35,0
DA:40,2
DA:42,1
DA:44,2
DA:46,0
DA:48,0
DA:50,3
DA:54,1
DA:57,1
DA:59,1
DA:61,0
DA:64,0
DA:66,0
DA:70,0
DA:72,2
DA:74,1
DA:75,1
DA:77,0
DA:79,0
DA:81,0
DA:83,0
DA:88,1
DA:89,1
DA:93,1
DA:94,1
DA:96,0
DA:98,0
DA:101,0
DA:102,0
DA:104,0
DA:105,0
DA:107,0
DA:108,0
LF:36
LH:14
end_of_record
